nohup: ignoring input
13:37:12.331 [main] DEBUG io.sentry.DefaultSentryClientFactory - Using an HTTP connection to Sentry.
13:37:12.381 [main] WARN io.sentry.DefaultSentryClientFactory - No 'stacktrace.app.packages' was configured, this option is highly recommended as it affects stacktrace grouping and display on Sentry. See documentation: https://docs.sentry.io/clients/java/config/#in-application-stack-frames
13:37:12.404 [main] DEBUG io.sentry.SentryClient - Adding 'io.sentry.event.helper.HttpEventBuilderHelper@4eec7777' to the list of builder helpers.
13:37:12.405 [main] DEBUG io.sentry.SentryClient - Adding 'io.sentry.event.helper.ContextBuilderHelper@3b07d329' to the list of builder helpers.
13:37:12.406 [main] DEBUG io.sentry.SentryClientFactory - Configuring uncaught exception handler.
13:37:12.407 [main] WARN io.sentry.DefaultSentryClientFactory - No 'stacktrace.app.packages' was configured, this option is highly recommended as it affects stacktrace grouping and display on Sentry. See documentation: https://docs.sentry.io/clients/java/config/#in-application-stack-frames

  .   ____          _            __ _ _
 /\\ / ___'_ __ _ _(_)_ __  __ _ \ \ \ \
( ( )\___ | '_ | '_| | '_ \/ _` | \ \ \ \
 \\/  ___)| |_)| | | | | || (_| |  ) ) ) )
  '  |____| .__|_| |_|_| |_\__, | / / / /
 =========|_|==============|___/=/_/_/_/
 :: Spring Boot ::  (v1.5.13.BUILD-SNAPSHOT)

13:37:13.080 [main] INFO  com.qgbase.Application - Starting Application v0.0.1-SNAPSHOT on localhost.localdomain with PID 25353 (/home/boxserver/clz/cpzhsq-sever-0.0.1-SNAPSHOT-exec.jar started by root in /home/boxserver/clz) 
13:37:13.082 [main] INFO  com.qgbase.Application - No active profile set, falling back to default profiles: default 
13:37:13.143 [main] INFO  o.s.b.c.e.AnnotationConfigEmbeddedWebApplicationContext - Refreshing org.springframework.boot.context.embedded.AnnotationConfigEmbeddedWebApplicationContext@7e32c033: startup date [Mon Jun 24 13:37:13 CST 2019]; root of context hierarchy 
13:37:13.516 [background-preinit] INFO  o.h.validator.internal.util.Version - HV000001: Hibernate Validator 5.3.6.Final 
13:37:14.691 [main] INFO  o.s.b.f.s.DefaultListableBeanFactory - Overriding bean definition for bean 'buildDocket' with a different definition: replacing [Root bean: class [null]; scope=; abstract=false; lazyInit=false; autowireMode=3; dependencyCheck=0; autowireCandidate=true; primary=false; factoryBeanName=swaggerUser; factoryMethodName=buildDocket; initMethodName=null; destroyMethodName=(inferred); defined in class path resource [com/qgbase/biz/user/swagger/SwaggerUser.class]] with [Root bean: class [null]; scope=; abstract=false; lazyInit=false; autowireMode=3; dependencyCheck=0; autowireCandidate=true; primary=false; factoryBeanName=swagger2Configuration; factoryMethodName=buildDocket; initMethodName=null; destroyMethodName=(inferred); defined in class path resource [com/qgbase/permission/swagger/Swagger2Configuration.class]] 
13:37:14.913 [main] INFO  o.s.d.r.c.RepositoryConfigurationDelegate - Multiple Spring Data modules found, entering strict repository configuration mode! 
13:37:15.572 [main] INFO  o.s.d.r.c.RepositoryConfigurationDelegate - Multiple Spring Data modules found, entering strict repository configuration mode! 
13:37:15.820 [main] INFO  o.s.d.r.c.RepositoryConfigurationExtensionSupport - Spring Data Redis - Could not safely identify store assignment for repository candidate interface com.qgbase.permission.dao.TsModuleRoleTreeRepository. 
13:37:15.820 [main] INFO  o.s.d.r.c.RepositoryConfigurationExtensionSupport - Spring Data Redis - Could not safely identify store assignment for repository candidate interface com.qgbase.permission.dao.TsSubSysRepository. 
13:37:15.821 [main] INFO  o.s.d.r.c.RepositoryConfigurationExtensionSupport - Spring Data Redis - Could not safely identify store assignment for repository candidate interface com.qgbase.permission.dao.TcOprRepository. 
13:37:15.821 [main] INFO  o.s.d.r.c.RepositoryConfigurationExtensionSupport - Spring Data Redis - Could not safely identify store assignment for repository candidate interface com.qgbase.permission.dao.TsRoleRepository. 
13:37:15.822 [main] INFO  o.s.d.r.c.RepositoryConfigurationExtensionSupport - Spring Data Redis - Could not safely identify store assignment for repository candidate interface com.qgbase.permission.dao.TsModuleRoleRepository. 
13:37:15.822 [main] INFO  o.s.d.r.c.RepositoryConfigurationExtensionSupport - Spring Data Redis - Could not safely identify store assignment for repository candidate interface com.qgbase.permission.dao.TsModuleRepository. 
13:37:15.823 [main] INFO  o.s.d.r.c.RepositoryConfigurationExtensionSupport - Spring Data Redis - Could not safely identify store assignment for repository candidate interface com.qgbase.permission.dao.IPermissionFacadeRepository. 
13:37:15.823 [main] INFO  o.s.d.r.c.RepositoryConfigurationExtensionSupport - Spring Data Redis - Could not safely identify store assignment for repository candidate interface com.qgbase.permission.dao.TsMenuModuleRepository. 
13:37:15.894 [main] INFO  o.s.b.f.s.DefaultListableBeanFactory - Overriding bean definition for bean 'characterEncodingFilter' with a different definition: replacing [Root bean: class [null]; scope=; abstract=false; lazyInit=false; autowireMode=3; dependencyCheck=0; autowireCandidate=true; primary=false; factoryBeanName=application; factoryMethodName=characterEncodingFilter; initMethodName=null; destroyMethodName=(inferred); defined in com.qgbase.Application] with [Root bean: class [null]; scope=; abstract=false; lazyInit=false; autowireMode=3; dependencyCheck=0; autowireCandidate=true; primary=false; factoryBeanName=org.springframework.boot.autoconfigure.web.HttpEncodingAutoConfiguration; factoryMethodName=characterEncodingFilter; initMethodName=null; destroyMethodName=(inferred); defined in class path resource [org/springframework/boot/autoconfigure/web/HttpEncodingAutoConfiguration.class]] 
13:37:16.382 [main] INFO  o.s.c.s.PostProcessorRegistrationDelegate$BeanPostProcessorChecker - Bean 'org.springframework.transaction.annotation.ProxyTransactionManagementConfiguration' of type [org.springframework.transaction.annotation.ProxyTransactionManagementConfiguration$$EnhancerBySpringCGLIB$$e80c7c87] is not eligible for getting processed by all BeanPostProcessors (for example: not eligible for auto-proxying) 
13:37:16.610 [main] INFO  o.s.c.s.PostProcessorRegistrationDelegate$BeanPostProcessorChecker - Bean 'redisConfig' of type [com.qgbase.config.RedisConfig$$EnhancerBySpringCGLIB$$d9493357] is not eligible for getting processed by all BeanPostProcessors (for example: not eligible for auto-proxying) 
13:37:16.624 [main] INFO  o.s.c.s.PostProcessorRegistrationDelegate$BeanPostProcessorChecker - Bean 'keyGenerator' of type [com.qgbase.config.RedisConfig$1] is not eligible for getting processed by all BeanPostProcessors (for example: not eligible for auto-proxying) 
13:37:16.626 [main] INFO  o.s.c.s.PostProcessorRegistrationDelegate$BeanPostProcessorChecker - Bean 'org.springframework.cache.annotation.ProxyCachingConfiguration' of type [org.springframework.cache.annotation.ProxyCachingConfiguration$$EnhancerBySpringCGLIB$$311eb2a5] is not eligible for getting processed by all BeanPostProcessors (for example: not eligible for auto-proxying) 
13:37:17.286 [main] INFO  o.s.b.c.e.t.TomcatEmbeddedServletContainer - Tomcat initialized with port(s): 8088 (http) 
13:37:17.306 [main] INFO  o.a.coyote.http11.Http11NioProtocol - Initializing ProtocolHandler ["http-nio-8088"] 
13:37:17.321 [main] INFO  o.a.catalina.core.StandardService - Starting service [Tomcat] 
13:37:17.321 [main] INFO  o.a.catalina.core.StandardEngine - Starting Servlet Engine: Apache Tomcat/8.5.31 
13:37:18.350 [localhost-startStop-1] INFO  o.apache.jasper.servlet.TldScanner - At least one JAR was scanned for TLDs yet contained no TLDs. Enable debug logging for this logger for a complete list of JARs that were scanned but no TLDs were found in them. Skipping unneeded JARs during scanning can improve startup time and JSP compilation time. 
13:37:18.542 [localhost-startStop-1] INFO  o.a.c.c.C.[Tomcat].[localhost].[/] - Initializing Spring embedded WebApplicationContext 
13:37:18.542 [localhost-startStop-1] INFO  o.s.web.context.ContextLoader - Root WebApplicationContext: initialization completed in 5399 ms 
13:37:18.886 [localhost-startStop-1] INFO  o.s.b.w.s.FilterRegistrationBean - Mapping filter: 'characterEncodingFilter' to: [/*] 
13:37:18.886 [localhost-startStop-1] INFO  o.s.b.w.s.FilterRegistrationBean - Mapping filter: 'hiddenHttpMethodFilter' to: [/*] 
13:37:18.886 [localhost-startStop-1] INFO  o.s.b.w.s.FilterRegistrationBean - Mapping filter: 'httpPutFormContentFilter' to: [/*] 
13:37:18.886 [localhost-startStop-1] INFO  o.s.b.w.s.FilterRegistrationBean - Mapping filter: 'requestContextFilter' to: [/*] 
13:37:18.887 [localhost-startStop-1] INFO  o.s.b.w.s.DelegatingFilterProxyRegistrationBean - Mapping filter: 'springSecurityFilterChain' to: [/*] 
13:37:18.888 [localhost-startStop-1] INFO  o.s.b.w.s.FilterRegistrationBean - Mapping filter: 'webStatFilter' to urls: [/*] 
13:37:18.888 [localhost-startStop-1] INFO  o.s.b.w.s.ServletRegistrationBean - Mapping servlet: 'dispatcherServlet' to [/] 
13:37:18.889 [localhost-startStop-1] INFO  o.s.b.w.s.ServletRegistrationBean - Mapping servlet: 'statViewServlet' to [/druid/*] 
13:37:18.938 [main] INFO  c.a.d.s.b.a.DruidDataSourceAutoConfigure - Init DruidDataSource 
13:37:21.692 [main] INFO  c.a.druid.pool.DruidDataSource - {dataSource-1} inited 
13:37:22.088 [main] INFO  o.s.o.j.LocalContainerEntityManagerFactoryBean - Building JPA container EntityManagerFactory for persistence unit 'default' 
13:37:22.105 [main] INFO  o.h.jpa.internal.util.LogHelper - HHH000204: Processing PersistenceUnitInfo [
	name: default
	...] 
13:37:22.174 [main] INFO  org.hibernate.Version - HHH000412: Hibernate Core {5.0.12.Final} 
13:37:22.176 [main] INFO  org.hibernate.cfg.Environment - HHH000206: hibernate.properties not found 
13:37:22.177 [main] INFO  org.hibernate.cfg.Environment - HHH000021: Bytecode provider name : javassist 
13:37:22.223 [main] INFO  o.h.annotations.common.Version - HCANN000001: Hibernate Commons Annotations {5.0.1.Final} 
13:37:22.459 [main] INFO  org.hibernate.dialect.Dialect - HHH000400: Using dialect: org.hibernate.dialect.MySQL5Dialect 
13:37:23.885 [main] INFO  o.s.o.j.LocalContainerEntityManagerFactoryBean - Initialized JPA EntityManagerFactory for persistence unit 'default' 
13:37:25.142 [main] INFO  o.h.h.i.QueryTranslatorFactoryInitiator - HHH000397: Using ASTQueryTranslatorFactory 
13:37:28.341 [main] INFO  o.s.w.s.m.m.a.RequestMappingHandlerMapping - Mapped "{[/api/dic/addobj],methods=[POST]}" onto public java.lang.String com.qgbase.biz.dic.controller.TDicController.addobj(com.qgbase.biz.dic.domain.TDic,com.qgbase.common.domain.OperInfo) throws java.lang.Exception 
13:37:28.342 [main] INFO  o.s.w.s.m.m.a.RequestMappingHandlerMapping - Mapped "{[/api/dic/getobj],methods=[POST]}" onto public java.lang.String com.qgbase.biz.dic.controller.TDicController.getobj(java.lang.String,com.qgbase.common.domain.OperInfo) throws java.lang.Exception 
13:37:28.342 [main] INFO  o.s.w.s.m.m.a.RequestMappingHandlerMapping - Mapped "{[/api/dic/updateobj],methods=[POST]}" onto public java.lang.String com.qgbase.biz.dic.controller.TDicController.updateobj(com.qgbase.biz.dic.domain.TDic,com.qgbase.common.domain.OperInfo) throws java.lang.Exception 
13:37:28.343 [main] INFO  o.s.w.s.m.m.a.RequestMappingHandlerMapping - Mapped "{[/api/dic/deleteobj],methods=[POST]}" onto public java.lang.String com.qgbase.biz.dic.controller.TDicController.deleteobj(java.lang.String,com.qgbase.common.domain.OperInfo) throws java.lang.Exception 
13:37:28.343 [main] INFO  o.s.w.s.m.m.a.RequestMappingHandlerMapping - Mapped "{[/api/dic/newObj],methods=[POST]}" onto public java.lang.String com.qgbase.biz.dic.controller.TDicController.newObj(com.qgbase.common.domain.OperInfo) throws java.lang.Exception 
13:37:28.343 [main] INFO  o.s.w.s.m.m.a.RequestMappingHandlerMapping - Mapped "{[/api/dic/getTDicListByType],methods=[POST]}" onto public java.lang.String com.qgbase.biz.dic.controller.TDicController.getTDicListByType(java.lang.String,com.qgbase.common.domain.OperInfo) 
13:37:28.343 [main] INFO  o.s.w.s.m.m.a.RequestMappingHandlerMapping - Mapped "{[/api/dic/getTDicAllListByType],methods=[POST]}" onto public java.lang.String com.qgbase.biz.dic.controller.TDicController.getTDicAllListByType(com.qgbase.common.domain.OperInfo) 
13:37:28.345 [main] INFO  o.s.w.s.m.m.a.RequestMappingHandlerMapping - Mapped "{[/api/query/queryTDicList],methods=[POST]}" onto public com.qgbase.util.PageControl com.qgbase.biz.dic.controller.TDicQueryController.queryTDicList(java.util.Map,com.qgbase.common.domain.OperInfo) 
13:37:28.346 [main] INFO  o.s.w.s.m.m.a.RequestMappingHandlerMapping - Mapped "{[/api/query/queryTDicList],methods=[GET]}" onto public java.util.List com.qgbase.biz.dic.controller.TDicQueryController.queryTDicListOne(com.qgbase.common.domain.OperInfo) 
13:37:28.350 [main] INFO  o.s.w.s.m.m.a.RequestMappingHandlerMapping - Mapped "{[/api/T1carfixedinfo/addobj],methods=[POST]}" onto public java.lang.String com.qgbase.biz.info.controller.T1carfixedinfoController.addobj(com.qgbase.biz.info.domain.T1carfixedinfo,com.qgbase.common.domain.OperInfo) throws java.lang.Exception 
13:37:28.350 [main] INFO  o.s.w.s.m.m.a.RequestMappingHandlerMapping - Mapped "{[/api/T1carfixedinfo/getobj],methods=[POST]}" onto public java.lang.String com.qgbase.biz.info.controller.T1carfixedinfoController.getobj(java.lang.String,com.qgbase.common.domain.OperInfo) throws java.lang.Exception 
13:37:28.350 [main] INFO  o.s.w.s.m.m.a.RequestMappingHandlerMapping - Mapped "{[/api/T1carfixedinfo/updateobj],methods=[POST]}" onto public java.lang.String com.qgbase.biz.info.controller.T1carfixedinfoController.updateobj(com.qgbase.biz.info.domain.T1carfixedinfo,com.qgbase.common.domain.OperInfo) throws java.lang.Exception 
13:37:28.350 [main] INFO  o.s.w.s.m.m.a.RequestMappingHandlerMapping - Mapped "{[/api/T1carfixedinfo/deleteobj],methods=[POST]}" onto public java.lang.String com.qgbase.biz.info.controller.T1carfixedinfoController.deleteobj(java.lang.String,com.qgbase.common.domain.OperInfo) throws java.lang.Exception 
13:37:28.351 [main] INFO  o.s.w.s.m.m.a.RequestMappingHandlerMapping - Mapped "{[/api/T1carfixedinfo/newObj],methods=[POST]}" onto public java.lang.String com.qgbase.biz.info.controller.T1carfixedinfoController.newObj(com.qgbase.common.domain.OperInfo) throws java.lang.Exception 
13:37:28.351 [main] INFO  o.s.w.s.m.m.a.RequestMappingHandlerMapping - Mapped "{[/api/T1carfixedinfo/queryT1carfixedinfoList],methods=[POST]}" onto public java.lang.String com.qgbase.biz.info.controller.T1carfixedinfoController.queryT1carfixedinfoList(java.util.Map,com.qgbase.common.domain.OperInfo) throws java.lang.Exception 
13:37:28.351 [main] INFO  o.s.w.s.m.m.a.RequestMappingHandlerMapping - Mapped "{[/api/T1carfixedinfo/exportExcel],methods=[POST]}" onto public void com.qgbase.biz.info.controller.T1carfixedinfoController.exportExcel(java.util.Map,javax.servlet.http.HttpServletResponse,com.qgbase.common.domain.OperInfo) throws java.lang.Exception 
13:37:28.351 [main] INFO  o.s.w.s.m.m.a.RequestMappingHandlerMapping - Mapped "{[/api/T1carfixedinfo/importExcel/{uid}],methods=[POST]}" onto public java.lang.String com.qgbase.biz.info.controller.T1carfixedinfoController.importExcel(java.lang.String,com.qgbase.common.domain.OperInfo) throws java.lang.Exception 
13:37:28.353 [main] INFO  o.s.w.s.m.m.a.RequestMappingHandlerMapping - Mapped "{[/api/T1carfixedpayrecord/queryT1carfixedpayrecordList],methods=[POST]}" onto public java.lang.String com.qgbase.biz.info.controller.T1carfixedpayrecordController.queryT1carfixedpayrecordList(java.util.Map,com.qgbase.common.domain.OperInfo) throws java.lang.Exception 
13:37:28.353 [main] INFO  o.s.w.s.m.m.a.RequestMappingHandlerMapping - Mapped "{[/api/T1carfixedpayrecord/addobj],methods=[POST]}" onto public java.lang.String com.qgbase.biz.info.controller.T1carfixedpayrecordController.addobj(com.qgbase.biz.info.domain.T1carfixedpayrecord,com.qgbase.common.domain.OperInfo) throws java.lang.Exception 
13:37:28.354 [main] INFO  o.s.w.s.m.m.a.RequestMappingHandlerMapping - Mapped "{[/api/T1carfixedpayrecord/getobj],methods=[POST]}" onto public java.lang.String com.qgbase.biz.info.controller.T1carfixedpayrecordController.getobj(java.lang.String,com.qgbase.common.domain.OperInfo) throws java.lang.Exception 
13:37:28.354 [main] INFO  o.s.w.s.m.m.a.RequestMappingHandlerMapping - Mapped "{[/api/T1carfixedpayrecord/updateobj],methods=[POST]}" onto public java.lang.String com.qgbase.biz.info.controller.T1carfixedpayrecordController.updateobj(com.qgbase.biz.info.domain.T1carfixedpayrecord,com.qgbase.common.domain.OperInfo) throws java.lang.Exception 
13:37:28.354 [main] INFO  o.s.w.s.m.m.a.RequestMappingHandlerMapping - Mapped "{[/api/T1carfixedpayrecord/deleteobj],methods=[POST]}" onto public java.lang.String com.qgbase.biz.info.controller.T1carfixedpayrecordController.deleteobj(java.lang.String,com.qgbase.common.domain.OperInfo) throws java.lang.Exception 
13:37:28.354 [main] INFO  o.s.w.s.m.m.a.RequestMappingHandlerMapping - Mapped "{[/api/T1carfixedpayrecord/newObj],methods=[POST]}" onto public java.lang.String com.qgbase.biz.info.controller.T1carfixedpayrecordController.newObj(com.qgbase.common.domain.OperInfo) throws java.lang.Exception 
13:37:28.354 [main] INFO  o.s.w.s.m.m.a.RequestMappingHandlerMapping - Mapped "{[/api/T1carfixedpayrecord/exportExcel],methods=[POST]}" onto public void com.qgbase.biz.info.controller.T1carfixedpayrecordController.exportExcel(java.util.Map,javax.servlet.http.HttpServletResponse,com.qgbase.common.domain.OperInfo) throws java.lang.Exception 
13:37:28.354 [main] INFO  o.s.w.s.m.m.a.RequestMappingHandlerMapping - Mapped "{[/api/T1carfixedpayrecord/importExcel/{uid}],methods=[POST]}" onto public java.lang.String com.qgbase.biz.info.controller.T1carfixedpayrecordController.importExcel(java.lang.String,com.qgbase.common.domain.OperInfo) throws java.lang.Exception 
13:37:28.356 [main] INFO  o.s.w.s.m.m.a.RequestMappingHandlerMapping - Mapped "{[/api/T1carfixedpricerule/queryT1carfixedpriceruleList],methods=[POST]}" onto public java.lang.String com.qgbase.biz.info.controller.T1carfixedpriceruleController.queryT1carfixedpriceruleList(java.util.Map,com.qgbase.common.domain.OperInfo) throws java.lang.Exception 
13:37:28.356 [main] INFO  o.s.w.s.m.m.a.RequestMappingHandlerMapping - Mapped "{[/api/T1carfixedpricerule/addobj],methods=[POST]}" onto public java.lang.String com.qgbase.biz.info.controller.T1carfixedpriceruleController.addobj(com.qgbase.biz.info.domain.T1carfixedpricerule,com.qgbase.common.domain.OperInfo) throws java.lang.Exception 
13:37:28.357 [main] INFO  o.s.w.s.m.m.a.RequestMappingHandlerMapping - Mapped "{[/api/T1carfixedpricerule/getobj],methods=[POST]}" onto public java.lang.String com.qgbase.biz.info.controller.T1carfixedpriceruleController.getobj(java.lang.String,com.qgbase.common.domain.OperInfo) throws java.lang.Exception 
13:37:28.357 [main] INFO  o.s.w.s.m.m.a.RequestMappingHandlerMapping - Mapped "{[/api/T1carfixedpricerule/updateobj],methods=[POST]}" onto public java.lang.String com.qgbase.biz.info.controller.T1carfixedpriceruleController.updateobj(com.qgbase.biz.info.domain.T1carfixedpricerule,com.qgbase.common.domain.OperInfo) throws java.lang.Exception 
13:37:28.357 [main] INFO  o.s.w.s.m.m.a.RequestMappingHandlerMapping - Mapped "{[/api/T1carfixedpricerule/deleteobj],methods=[POST]}" onto public java.lang.String com.qgbase.biz.info.controller.T1carfixedpriceruleController.deleteobj(java.lang.String,com.qgbase.common.domain.OperInfo) throws java.lang.Exception 
13:37:28.357 [main] INFO  o.s.w.s.m.m.a.RequestMappingHandlerMapping - Mapped "{[/api/T1carfixedpricerule/newObj],methods=[POST]}" onto public java.lang.String com.qgbase.biz.info.controller.T1carfixedpriceruleController.newObj(com.qgbase.common.domain.OperInfo) throws java.lang.Exception 
13:37:28.357 [main] INFO  o.s.w.s.m.m.a.RequestMappingHandlerMapping - Mapped "{[/api/T1carfixedpricerule/exportExcel],methods=[POST]}" onto public void com.qgbase.biz.info.controller.T1carfixedpriceruleController.exportExcel(java.util.Map,javax.servlet.http.HttpServletResponse,com.qgbase.common.domain.OperInfo) throws java.lang.Exception 
13:37:28.357 [main] INFO  o.s.w.s.m.m.a.RequestMappingHandlerMapping - Mapped "{[/api/T1carfixedpricerule/importExcel/{uid}],methods=[POST]}" onto public java.lang.String com.qgbase.biz.info.controller.T1carfixedpriceruleController.importExcel(java.lang.String,com.qgbase.common.domain.OperInfo) throws java.lang.Exception 
13:37:28.359 [main] INFO  o.s.w.s.m.m.a.RequestMappingHandlerMapping - Mapped "{[/api/T1carstop/queryT1carstopList],methods=[POST]}" onto public java.lang.String com.qgbase.biz.info.controller.T1carstopController.queryT1carstopList(java.util.Map,com.qgbase.common.domain.OperInfo) throws java.lang.Exception 
13:37:28.359 [main] INFO  o.s.w.s.m.m.a.RequestMappingHandlerMapping - Mapped "{[/api/T1carstop/addobj],methods=[POST]}" onto public java.lang.String com.qgbase.biz.info.controller.T1carstopController.addobj(com.qgbase.biz.info.domain.T1carstop,com.qgbase.common.domain.OperInfo) throws java.lang.Exception 
13:37:28.359 [main] INFO  o.s.w.s.m.m.a.RequestMappingHandlerMapping - Mapped "{[/api/T1carstop/getobj],methods=[POST]}" onto public java.lang.String com.qgbase.biz.info.controller.T1carstopController.getobj(java.lang.String,com.qgbase.common.domain.OperInfo) throws java.lang.Exception 
13:37:28.359 [main] INFO  o.s.w.s.m.m.a.RequestMappingHandlerMapping - Mapped "{[/api/T1carstop/updateobj],methods=[POST]}" onto public java.lang.String com.qgbase.biz.info.controller.T1carstopController.updateobj(com.qgbase.biz.info.domain.T1carstop,com.qgbase.common.domain.OperInfo) throws java.lang.Exception 
13:37:28.360 [main] INFO  o.s.w.s.m.m.a.RequestMappingHandlerMapping - Mapped "{[/api/T1carstop/deleteobj],methods=[POST]}" onto public java.lang.String com.qgbase.biz.info.controller.T1carstopController.deleteobj(java.lang.String,com.qgbase.common.domain.OperInfo) throws java.lang.Exception 
13:37:28.360 [main] INFO  o.s.w.s.m.m.a.RequestMappingHandlerMapping - Mapped "{[/api/T1carstop/newObj],methods=[POST]}" onto public java.lang.String com.qgbase.biz.info.controller.T1carstopController.newObj(com.qgbase.common.domain.OperInfo) throws java.lang.Exception 
13:37:28.360 [main] INFO  o.s.w.s.m.m.a.RequestMappingHandlerMapping - Mapped "{[/api/T1carstop/exportExcel],methods=[POST]}" onto public void com.qgbase.biz.info.controller.T1carstopController.exportExcel(java.util.Map,javax.servlet.http.HttpServletResponse,com.qgbase.common.domain.OperInfo) throws java.lang.Exception 
13:37:28.360 [main] INFO  o.s.w.s.m.m.a.RequestMappingHandlerMapping - Mapped "{[/api/T1carstop/importExcel/{uid}],methods=[POST]}" onto public java.lang.String com.qgbase.biz.info.controller.T1carstopController.importExcel(java.lang.String,com.qgbase.common.domain.OperInfo) throws java.lang.Exception 
13:37:28.361 [main] INFO  o.s.w.s.m.m.a.RequestMappingHandlerMapping - Mapped "{[/api/T1cartmppricerule/queryT1cartmppriceruleList],methods=[POST]}" onto public java.lang.String com.qgbase.biz.info.controller.T1cartmppriceruleController.queryT1cartmppriceruleList(java.util.Map,com.qgbase.common.domain.OperInfo) throws java.lang.Exception 
13:37:28.362 [main] INFO  o.s.w.s.m.m.a.RequestMappingHandlerMapping - Mapped "{[/api/T1cartmppricerule/addobj],methods=[POST]}" onto public java.lang.String com.qgbase.biz.info.controller.T1cartmppriceruleController.addobj(com.qgbase.biz.info.domain.T1cartmppricerule,com.qgbase.common.domain.OperInfo) throws java.lang.Exception 
13:37:28.362 [main] INFO  o.s.w.s.m.m.a.RequestMappingHandlerMapping - Mapped "{[/api/T1cartmppricerule/getobj],methods=[POST]}" onto public java.lang.String com.qgbase.biz.info.controller.T1cartmppriceruleController.getobj(java.lang.String,com.qgbase.common.domain.OperInfo) throws java.lang.Exception 
13:37:28.362 [main] INFO  o.s.w.s.m.m.a.RequestMappingHandlerMapping - Mapped "{[/api/T1cartmppricerule/updateobj],methods=[POST]}" onto public java.lang.String com.qgbase.biz.info.controller.T1cartmppriceruleController.updateobj(com.qgbase.biz.info.domain.T1cartmppricerule,com.qgbase.common.domain.OperInfo) throws java.lang.Exception 
13:37:28.362 [main] INFO  o.s.w.s.m.m.a.RequestMappingHandlerMapping - Mapped "{[/api/T1cartmppricerule/deleteobj],methods=[POST]}" onto public java.lang.String com.qgbase.biz.info.controller.T1cartmppriceruleController.deleteobj(java.lang.String,com.qgbase.common.domain.OperInfo) throws java.lang.Exception 
13:37:28.362 [main] INFO  o.s.w.s.m.m.a.RequestMappingHandlerMapping - Mapped "{[/api/T1cartmppricerule/newObj],methods=[POST]}" onto public java.lang.String com.qgbase.biz.info.controller.T1cartmppriceruleController.newObj(com.qgbase.common.domain.OperInfo) throws java.lang.Exception 
13:37:28.362 [main] INFO  o.s.w.s.m.m.a.RequestMappingHandlerMapping - Mapped "{[/api/T1cartmppricerule/exportExcel],methods=[POST]}" onto public void com.qgbase.biz.info.controller.T1cartmppriceruleController.exportExcel(java.util.Map,javax.servlet.http.HttpServletResponse,com.qgbase.common.domain.OperInfo) throws java.lang.Exception 
13:37:28.362 [main] INFO  o.s.w.s.m.m.a.RequestMappingHandlerMapping - Mapped "{[/api/T1cartmppricerule/importExcel/{uid}],methods=[POST]}" onto public java.lang.String com.qgbase.biz.info.controller.T1cartmppriceruleController.importExcel(java.lang.String,com.qgbase.common.domain.OperInfo) throws java.lang.Exception 
13:37:28.364 [main] INFO  o.s.w.s.m.m.a.RequestMappingHandlerMapping - Mapped "{[/api/T1cartmprecord/queryT1cartmprecordList],methods=[POST]}" onto public java.lang.String com.qgbase.biz.info.controller.T1cartmprecordController.queryT1cartmprecordList(java.util.Map,com.qgbase.common.domain.OperInfo) throws java.lang.Exception 
13:37:28.364 [main] INFO  o.s.w.s.m.m.a.RequestMappingHandlerMapping - Mapped "{[/api/T1cartmprecord/addobj],methods=[POST]}" onto public java.lang.String com.qgbase.biz.info.controller.T1cartmprecordController.addobj(com.qgbase.biz.info.domain.T1cartmprecord,com.qgbase.common.domain.OperInfo) throws java.lang.Exception 
13:37:28.364 [main] INFO  o.s.w.s.m.m.a.RequestMappingHandlerMapping - Mapped "{[/api/T1cartmprecord/getobj],methods=[POST]}" onto public java.lang.String com.qgbase.biz.info.controller.T1cartmprecordController.getobj(java.lang.String,com.qgbase.common.domain.OperInfo) throws java.lang.Exception 
13:37:28.364 [main] INFO  o.s.w.s.m.m.a.RequestMappingHandlerMapping - Mapped "{[/api/T1cartmprecord/updateobj],methods=[POST]}" onto public java.lang.String com.qgbase.biz.info.controller.T1cartmprecordController.updateobj(com.qgbase.biz.info.domain.T1cartmprecord,com.qgbase.common.domain.OperInfo) throws java.lang.Exception 
13:37:28.364 [main] INFO  o.s.w.s.m.m.a.RequestMappingHandlerMapping - Mapped "{[/api/T1cartmprecord/deleteobj],methods=[POST]}" onto public java.lang.String com.qgbase.biz.info.controller.T1cartmprecordController.deleteobj(java.lang.String,com.qgbase.common.domain.OperInfo) throws java.lang.Exception 
13:37:28.365 [main] INFO  o.s.w.s.m.m.a.RequestMappingHandlerMapping - Mapped "{[/api/T1cartmprecord/newObj],methods=[POST]}" onto public java.lang.String com.qgbase.biz.info.controller.T1cartmprecordController.newObj(com.qgbase.common.domain.OperInfo) throws java.lang.Exception 
13:37:28.365 [main] INFO  o.s.w.s.m.m.a.RequestMappingHandlerMapping - Mapped "{[/api/T1cartmprecord/exportExcel],methods=[POST]}" onto public void com.qgbase.biz.info.controller.T1cartmprecordController.exportExcel(java.util.Map,javax.servlet.http.HttpServletResponse,com.qgbase.common.domain.OperInfo) throws java.lang.Exception 
13:37:28.365 [main] INFO  o.s.w.s.m.m.a.RequestMappingHandlerMapping - Mapped "{[/api/T1cartmprecord/importExcel/{uid}],methods=[POST]}" onto public java.lang.String com.qgbase.biz.info.controller.T1cartmprecordController.importExcel(java.lang.String,com.qgbase.common.domain.OperInfo) throws java.lang.Exception 
13:37:28.366 [main] INFO  o.s.w.s.m.m.a.RequestMappingHandlerMapping - Mapped "{[/api/T1kaimentongji/queryT1kaimentongjiList],methods=[POST]}" onto public java.lang.String com.qgbase.biz.info.controller.T1kaimentongjiController.queryT1kaimentongjiList(java.util.Map,com.qgbase.common.domain.OperInfo) throws java.lang.Exception 
13:37:28.366 [main] INFO  o.s.w.s.m.m.a.RequestMappingHandlerMapping - Mapped "{[/api/T1kaimentongji/addobj],methods=[POST]}" onto public java.lang.String com.qgbase.biz.info.controller.T1kaimentongjiController.addobj(com.qgbase.biz.info.domain.T1kaimentongji,com.qgbase.common.domain.OperInfo) throws java.lang.Exception 
13:37:28.367 [main] INFO  o.s.w.s.m.m.a.RequestMappingHandlerMapping - Mapped "{[/api/T1kaimentongji/getobj],methods=[POST]}" onto public java.lang.String com.qgbase.biz.info.controller.T1kaimentongjiController.getobj(java.lang.String,com.qgbase.common.domain.OperInfo) throws java.lang.Exception 
13:37:28.367 [main] INFO  o.s.w.s.m.m.a.RequestMappingHandlerMapping - Mapped "{[/api/T1kaimentongji/updateobj],methods=[POST]}" onto public java.lang.String com.qgbase.biz.info.controller.T1kaimentongjiController.updateobj(com.qgbase.biz.info.domain.T1kaimentongji,com.qgbase.common.domain.OperInfo) throws java.lang.Exception 
13:37:28.367 [main] INFO  o.s.w.s.m.m.a.RequestMappingHandlerMapping - Mapped "{[/api/T1kaimentongji/deleteobj],methods=[POST]}" onto public java.lang.String com.qgbase.biz.info.controller.T1kaimentongjiController.deleteobj(java.lang.String,com.qgbase.common.domain.OperInfo) throws java.lang.Exception 
13:37:28.367 [main] INFO  o.s.w.s.m.m.a.RequestMappingHandlerMapping - Mapped "{[/api/T1kaimentongji/newObj],methods=[POST]}" onto public java.lang.String com.qgbase.biz.info.controller.T1kaimentongjiController.newObj(com.qgbase.common.domain.OperInfo) throws java.lang.Exception 
13:37:28.367 [main] INFO  o.s.w.s.m.m.a.RequestMappingHandlerMapping - Mapped "{[/api/T1kaimentongji/exportExcel],methods=[POST]}" onto public void com.qgbase.biz.info.controller.T1kaimentongjiController.exportExcel(java.util.Map,javax.servlet.http.HttpServletResponse,com.qgbase.common.domain.OperInfo) throws java.lang.Exception 
13:37:28.367 [main] INFO  o.s.w.s.m.m.a.RequestMappingHandlerMapping - Mapped "{[/api/T1kaimentongji/importExcel/{uid}],methods=[POST]}" onto public java.lang.String com.qgbase.biz.info.controller.T1kaimentongjiController.importExcel(java.lang.String,com.qgbase.common.domain.OperInfo) throws java.lang.Exception 
13:37:28.369 [main] INFO  o.s.w.s.m.m.a.RequestMappingHandlerMapping - Mapped "{[/api/T1wuyecoopreate/queryT1wuyecoopreateList],methods=[POST]}" onto public java.lang.String com.qgbase.biz.info.controller.T1wuyecoopreateController.queryT1wuyecoopreateList(java.util.Map,com.qgbase.common.domain.OperInfo) throws java.lang.Exception 
13:37:28.369 [main] INFO  o.s.w.s.m.m.a.RequestMappingHandlerMapping - Mapped "{[/api/T1wuyecoopreate/addobj],methods=[POST]}" onto public java.lang.String com.qgbase.biz.info.controller.T1wuyecoopreateController.addobj(com.qgbase.biz.info.domain.T1wuyecoopreate,com.qgbase.common.domain.OperInfo) throws java.lang.Exception 
13:37:28.369 [main] INFO  o.s.w.s.m.m.a.RequestMappingHandlerMapping - Mapped "{[/api/T1wuyecoopreate/getobj],methods=[POST]}" onto public java.lang.String com.qgbase.biz.info.controller.T1wuyecoopreateController.getobj(java.lang.String,com.qgbase.common.domain.OperInfo) throws java.lang.Exception 
13:37:28.369 [main] INFO  o.s.w.s.m.m.a.RequestMappingHandlerMapping - Mapped "{[/api/T1wuyecoopreate/updateobj],methods=[POST]}" onto public java.lang.String com.qgbase.biz.info.controller.T1wuyecoopreateController.updateobj(com.qgbase.biz.info.domain.T1wuyecoopreate,com.qgbase.common.domain.OperInfo) throws java.lang.Exception 
13:37:28.369 [main] INFO  o.s.w.s.m.m.a.RequestMappingHandlerMapping - Mapped "{[/api/T1wuyecoopreate/deleteobj],methods=[POST]}" onto public java.lang.String com.qgbase.biz.info.controller.T1wuyecoopreateController.deleteobj(java.lang.String,com.qgbase.common.domain.OperInfo) throws java.lang.Exception 
13:37:28.369 [main] INFO  o.s.w.s.m.m.a.RequestMappingHandlerMapping - Mapped "{[/api/T1wuyecoopreate/newObj],methods=[POST]}" onto public java.lang.String com.qgbase.biz.info.controller.T1wuyecoopreateController.newObj(com.qgbase.common.domain.OperInfo) throws java.lang.Exception 
13:37:28.369 [main] INFO  o.s.w.s.m.m.a.RequestMappingHandlerMapping - Mapped "{[/api/T1wuyecoopreate/exportExcel],methods=[POST]}" onto public void com.qgbase.biz.info.controller.T1wuyecoopreateController.exportExcel(java.util.Map,javax.servlet.http.HttpServletResponse,com.qgbase.common.domain.OperInfo) throws java.lang.Exception 
13:37:28.369 [main] INFO  o.s.w.s.m.m.a.RequestMappingHandlerMapping - Mapped "{[/api/T1wuyecoopreate/importExcel/{uid}],methods=[POST]}" onto public java.lang.String com.qgbase.biz.info.controller.T1wuyecoopreateController.importExcel(java.lang.String,com.qgbase.common.domain.OperInfo) throws java.lang.Exception 
13:37:28.371 [main] INFO  o.s.w.s.m.m.a.RequestMappingHandlerMapping - Mapped "{[/api/T1wuyecztj/queryT1wuyecztjList],methods=[POST]}" onto public java.lang.String com.qgbase.biz.info.controller.T1wuyecztjController.queryT1wuyecztjList(java.util.Map,com.qgbase.common.domain.OperInfo) throws java.lang.Exception 
13:37:28.371 [main] INFO  o.s.w.s.m.m.a.RequestMappingHandlerMapping - Mapped "{[/api/T1wuyecztj/addobj],methods=[POST]}" onto public java.lang.String com.qgbase.biz.info.controller.T1wuyecztjController.addobj(com.qgbase.biz.info.domain.T1wuyecztj,com.qgbase.common.domain.OperInfo) throws java.lang.Exception 
13:37:28.371 [main] INFO  o.s.w.s.m.m.a.RequestMappingHandlerMapping - Mapped "{[/api/T1wuyecztj/getobj],methods=[POST]}" onto public java.lang.String com.qgbase.biz.info.controller.T1wuyecztjController.getobj(java.lang.String,com.qgbase.common.domain.OperInfo) throws java.lang.Exception 
13:37:28.371 [main] INFO  o.s.w.s.m.m.a.RequestMappingHandlerMapping - Mapped "{[/api/T1wuyecztj/updateobj],methods=[POST]}" onto public java.lang.String com.qgbase.biz.info.controller.T1wuyecztjController.updateobj(com.qgbase.biz.info.domain.T1wuyecztj,com.qgbase.common.domain.OperInfo) throws java.lang.Exception 
13:37:28.371 [main] INFO  o.s.w.s.m.m.a.RequestMappingHandlerMapping - Mapped "{[/api/T1wuyecztj/deleteobj],methods=[POST]}" onto public java.lang.String com.qgbase.biz.info.controller.T1wuyecztjController.deleteobj(java.lang.String,com.qgbase.common.domain.OperInfo) throws java.lang.Exception 
13:37:28.372 [main] INFO  o.s.w.s.m.m.a.RequestMappingHandlerMapping - Mapped "{[/api/T1wuyecztj/newObj],methods=[POST]}" onto public java.lang.String com.qgbase.biz.info.controller.T1wuyecztjController.newObj(com.qgbase.common.domain.OperInfo) throws java.lang.Exception 
13:37:28.372 [main] INFO  o.s.w.s.m.m.a.RequestMappingHandlerMapping - Mapped "{[/api/T1wuyecztj/exportExcel],methods=[POST]}" onto public void com.qgbase.biz.info.controller.T1wuyecztjController.exportExcel(java.util.Map,javax.servlet.http.HttpServletResponse,com.qgbase.common.domain.OperInfo) throws java.lang.Exception 
13:37:28.372 [main] INFO  o.s.w.s.m.m.a.RequestMappingHandlerMapping - Mapped "{[/api/T1wuyecztj/importExcel/{uid}],methods=[POST]}" onto public java.lang.String com.qgbase.biz.info.controller.T1wuyecztjController.importExcel(java.lang.String,com.qgbase.common.domain.OperInfo) throws java.lang.Exception 
13:37:28.373 [main] INFO  o.s.w.s.m.m.a.RequestMappingHandlerMapping - Mapped "{[/api/T1wuyejiaofei/queryT1wuyejiaofeiList],methods=[POST]}" onto public java.lang.String com.qgbase.biz.info.controller.T1wuyejiaofeiController.queryT1wuyejiaofeiList(java.util.Map,com.qgbase.common.domain.OperInfo) throws java.lang.Exception 
13:37:28.373 [main] INFO  o.s.w.s.m.m.a.RequestMappingHandlerMapping - Mapped "{[/api/T1wuyejiaofei/addobj],methods=[POST]}" onto public java.lang.String com.qgbase.biz.info.controller.T1wuyejiaofeiController.addobj(com.qgbase.biz.info.domain.T1wuyejiaofei,com.qgbase.common.domain.OperInfo) throws java.lang.Exception 
13:37:28.374 [main] INFO  o.s.w.s.m.m.a.RequestMappingHandlerMapping - Mapped "{[/api/T1wuyejiaofei/getobj],methods=[POST]}" onto public java.lang.String com.qgbase.biz.info.controller.T1wuyejiaofeiController.getobj(java.lang.String,com.qgbase.common.domain.OperInfo) throws java.lang.Exception 
13:37:28.374 [main] INFO  o.s.w.s.m.m.a.RequestMappingHandlerMapping - Mapped "{[/api/T1wuyejiaofei/updateobj],methods=[POST]}" onto public java.lang.String com.qgbase.biz.info.controller.T1wuyejiaofeiController.updateobj(com.qgbase.biz.info.domain.T1wuyejiaofei,com.qgbase.common.domain.OperInfo) throws java.lang.Exception 
13:37:28.374 [main] INFO  o.s.w.s.m.m.a.RequestMappingHandlerMapping - Mapped "{[/api/T1wuyejiaofei/deleteobj],methods=[POST]}" onto public java.lang.String com.qgbase.biz.info.controller.T1wuyejiaofeiController.deleteobj(java.lang.String,com.qgbase.common.domain.OperInfo) throws java.lang.Exception 
13:37:28.374 [main] INFO  o.s.w.s.m.m.a.RequestMappingHandlerMapping - Mapped "{[/api/T1wuyejiaofei/newObj],methods=[POST]}" onto public java.lang.String com.qgbase.biz.info.controller.T1wuyejiaofeiController.newObj(com.qgbase.common.domain.OperInfo) throws java.lang.Exception 
13:37:28.374 [main] INFO  o.s.w.s.m.m.a.RequestMappingHandlerMapping - Mapped "{[/api/T1wuyejiaofei/exportExcel],methods=[POST]}" onto public void com.qgbase.biz.info.controller.T1wuyejiaofeiController.exportExcel(java.util.Map,javax.servlet.http.HttpServletResponse,com.qgbase.common.domain.OperInfo) throws java.lang.Exception 
13:37:28.374 [main] INFO  o.s.w.s.m.m.a.RequestMappingHandlerMapping - Mapped "{[/api/T1wuyejiaofei/importExcel/{uid}],methods=[POST]}" onto public java.lang.String com.qgbase.biz.info.controller.T1wuyejiaofeiController.importExcel(java.lang.String,com.qgbase.common.domain.OperInfo) throws java.lang.Exception 
13:37:28.376 [main] INFO  o.s.w.s.m.m.a.RequestMappingHandlerMapping - Mapped "{[/api/T1wuyeqftj/queryT1wuyeqftjList],methods=[POST]}" onto public java.lang.String com.qgbase.biz.info.controller.T1wuyeqftjController.queryT1wuyeqftjList(java.util.Map,com.qgbase.common.domain.OperInfo) throws java.lang.Exception 
13:37:28.376 [main] INFO  o.s.w.s.m.m.a.RequestMappingHandlerMapping - Mapped "{[/api/T1wuyeqftj/addobj],methods=[POST]}" onto public java.lang.String com.qgbase.biz.info.controller.T1wuyeqftjController.addobj(com.qgbase.biz.info.domain.T1wuyeqftj,com.qgbase.common.domain.OperInfo) throws java.lang.Exception 
13:37:28.376 [main] INFO  o.s.w.s.m.m.a.RequestMappingHandlerMapping - Mapped "{[/api/T1wuyeqftj/getobj],methods=[POST]}" onto public java.lang.String com.qgbase.biz.info.controller.T1wuyeqftjController.getobj(java.lang.String,com.qgbase.common.domain.OperInfo) throws java.lang.Exception 
13:37:28.376 [main] INFO  o.s.w.s.m.m.a.RequestMappingHandlerMapping - Mapped "{[/api/T1wuyeqftj/updateobj],methods=[POST]}" onto public java.lang.String com.qgbase.biz.info.controller.T1wuyeqftjController.updateobj(com.qgbase.biz.info.domain.T1wuyeqftj,com.qgbase.common.domain.OperInfo) throws java.lang.Exception 
13:37:28.376 [main] INFO  o.s.w.s.m.m.a.RequestMappingHandlerMapping - Mapped "{[/api/T1wuyeqftj/deleteobj],methods=[POST]}" onto public java.lang.String com.qgbase.biz.info.controller.T1wuyeqftjController.deleteobj(java.lang.String,com.qgbase.common.domain.OperInfo) throws java.lang.Exception 
13:37:28.376 [main] INFO  o.s.w.s.m.m.a.RequestMappingHandlerMapping - Mapped "{[/api/T1wuyeqftj/newObj],methods=[POST]}" onto public java.lang.String com.qgbase.biz.info.controller.T1wuyeqftjController.newObj(com.qgbase.common.domain.OperInfo) throws java.lang.Exception 
13:37:28.376 [main] INFO  o.s.w.s.m.m.a.RequestMappingHandlerMapping - Mapped "{[/api/T1wuyeqftj/exportExcel],methods=[POST]}" onto public void com.qgbase.biz.info.controller.T1wuyeqftjController.exportExcel(java.util.Map,javax.servlet.http.HttpServletResponse,com.qgbase.common.domain.OperInfo) throws java.lang.Exception 
13:37:28.377 [main] INFO  o.s.w.s.m.m.a.RequestMappingHandlerMapping - Mapped "{[/api/T1wuyeqftj/importExcel/{uid}],methods=[POST]}" onto public java.lang.String com.qgbase.biz.info.controller.T1wuyeqftjController.importExcel(java.lang.String,com.qgbase.common.domain.OperInfo) throws java.lang.Exception 
13:37:28.378 [main] INFO  o.s.w.s.m.m.a.RequestMappingHandlerMapping - Mapped "{[/api/T1wuyewuye/queryT1wuyewuyeList],methods=[POST]}" onto public java.lang.String com.qgbase.biz.info.controller.T1wuyewuyeController.queryT1wuyewuyeList(java.util.Map,com.qgbase.common.domain.OperInfo) throws java.lang.Exception 
13:37:28.378 [main] INFO  o.s.w.s.m.m.a.RequestMappingHandlerMapping - Mapped "{[/api/T1wuyewuye/addobj],methods=[POST]}" onto public java.lang.String com.qgbase.biz.info.controller.T1wuyewuyeController.addobj(com.qgbase.biz.info.domain.T1wuyewuye,com.qgbase.common.domain.OperInfo) throws java.lang.Exception 
13:37:28.378 [main] INFO  o.s.w.s.m.m.a.RequestMappingHandlerMapping - Mapped "{[/api/T1wuyewuye/getobj],methods=[POST]}" onto public java.lang.String com.qgbase.biz.info.controller.T1wuyewuyeController.getobj(java.lang.String,com.qgbase.common.domain.OperInfo) throws java.lang.Exception 
13:37:28.379 [main] INFO  o.s.w.s.m.m.a.RequestMappingHandlerMapping - Mapped "{[/api/T1wuyewuye/updateobj],methods=[POST]}" onto public java.lang.String com.qgbase.biz.info.controller.T1wuyewuyeController.updateobj(com.qgbase.biz.info.domain.T1wuyewuye,com.qgbase.common.domain.OperInfo) throws java.lang.Exception 
13:37:28.379 [main] INFO  o.s.w.s.m.m.a.RequestMappingHandlerMapping - Mapped "{[/api/T1wuyewuye/deleteobj],methods=[POST]}" onto public java.lang.String com.qgbase.biz.info.controller.T1wuyewuyeController.deleteobj(java.lang.String,com.qgbase.common.domain.OperInfo) throws java.lang.Exception 
13:37:28.379 [main] INFO  o.s.w.s.m.m.a.RequestMappingHandlerMapping - Mapped "{[/api/T1wuyewuye/newObj],methods=[POST]}" onto public java.lang.String com.qgbase.biz.info.controller.T1wuyewuyeController.newObj(com.qgbase.common.domain.OperInfo) throws java.lang.Exception 
13:37:28.379 [main] INFO  o.s.w.s.m.m.a.RequestMappingHandlerMapping - Mapped "{[/api/T1wuyewuye/exportExcel],methods=[POST]}" onto public void com.qgbase.biz.info.controller.T1wuyewuyeController.exportExcel(java.util.Map,javax.servlet.http.HttpServletResponse,com.qgbase.common.domain.OperInfo) throws java.lang.Exception 
13:37:28.379 [main] INFO  o.s.w.s.m.m.a.RequestMappingHandlerMapping - Mapped "{[/api/T1wuyewuye/importExcel/{uid}],methods=[POST]}" onto public java.lang.String com.qgbase.biz.info.controller.T1wuyewuyeController.importExcel(java.lang.String,com.qgbase.common.domain.OperInfo) throws java.lang.Exception 
13:37:28.380 [main] INFO  o.s.w.s.m.m.a.RequestMappingHandlerMapping - Mapped "{[/api/T1wuyexiaoqu/addobj],methods=[POST]}" onto public java.lang.String com.qgbase.biz.info.controller.T1wuyexiaoquController.addobj(com.qgbase.biz.info.domain.T1wuyexiaoqu,com.qgbase.common.domain.OperInfo) throws java.lang.Exception 
13:37:28.381 [main] INFO  o.s.w.s.m.m.a.RequestMappingHandlerMapping - Mapped "{[/api/T1wuyexiaoqu/getobj],methods=[POST]}" onto public java.lang.String com.qgbase.biz.info.controller.T1wuyexiaoquController.getobj(java.lang.String,com.qgbase.common.domain.OperInfo) throws java.lang.Exception 
13:37:28.381 [main] INFO  o.s.w.s.m.m.a.RequestMappingHandlerMapping - Mapped "{[/api/T1wuyexiaoqu/updateobj],methods=[POST]}" onto public java.lang.String com.qgbase.biz.info.controller.T1wuyexiaoquController.updateobj(com.qgbase.biz.info.domain.T1wuyexiaoqu,com.qgbase.common.domain.OperInfo) throws java.lang.Exception 
13:37:28.381 [main] INFO  o.s.w.s.m.m.a.RequestMappingHandlerMapping - Mapped "{[/api/T1wuyexiaoqu/deleteobj],methods=[POST]}" onto public java.lang.String com.qgbase.biz.info.controller.T1wuyexiaoquController.deleteobj(java.lang.String,com.qgbase.common.domain.OperInfo) throws java.lang.Exception 
13:37:28.381 [main] INFO  o.s.w.s.m.m.a.RequestMappingHandlerMapping - Mapped "{[/api/T1wuyexiaoqu/newObj],methods=[POST]}" onto public java.lang.String com.qgbase.biz.info.controller.T1wuyexiaoquController.newObj(com.qgbase.common.domain.OperInfo) throws java.lang.Exception 
13:37:28.381 [main] INFO  o.s.w.s.m.m.a.RequestMappingHandlerMapping - Mapped "{[/api/T1wuyexiaoqu/exportExcel],methods=[POST]}" onto public void com.qgbase.biz.info.controller.T1wuyexiaoquController.exportExcel(java.util.Map,javax.servlet.http.HttpServletResponse,com.qgbase.common.domain.OperInfo) throws java.lang.Exception 
13:37:28.381 [main] INFO  o.s.w.s.m.m.a.RequestMappingHandlerMapping - Mapped "{[/api/T1wuyexiaoqu/importExcel/{uid}],methods=[POST]}" onto public java.lang.String com.qgbase.biz.info.controller.T1wuyexiaoquController.importExcel(java.lang.String,com.qgbase.common.domain.OperInfo) throws java.lang.Exception 
13:37:28.381 [main] INFO  o.s.w.s.m.m.a.RequestMappingHandlerMapping - Mapped "{[/api/T1wuyexiaoqu/queryT1wuyexiaoquList],methods=[POST]}" onto public java.lang.String com.qgbase.biz.info.controller.T1wuyexiaoquController.queryT1wuyexiaoquList(java.util.Map,com.qgbase.common.domain.OperInfo) throws java.lang.Exception 
13:37:28.383 [main] INFO  o.s.w.s.m.m.a.RequestMappingHandlerMapping - Mapped "{[/api/T1wuyeyezhu/addobj],methods=[POST]}" onto public java.lang.String com.qgbase.biz.info.controller.T1wuyeyezhuController.addobj(com.qgbase.biz.info.domain.T1wuyeyezhu,com.qgbase.common.domain.OperInfo) throws java.lang.Exception 
13:37:28.383 [main] INFO  o.s.w.s.m.m.a.RequestMappingHandlerMapping - Mapped "{[/api/T1wuyeyezhu/getobj],methods=[POST]}" onto public java.lang.String com.qgbase.biz.info.controller.T1wuyeyezhuController.getobj(java.lang.String,com.qgbase.common.domain.OperInfo) throws java.lang.Exception 
13:37:28.383 [main] INFO  o.s.w.s.m.m.a.RequestMappingHandlerMapping - Mapped "{[/api/T1wuyeyezhu/updateobj],methods=[POST]}" onto public java.lang.String com.qgbase.biz.info.controller.T1wuyeyezhuController.updateobj(com.qgbase.biz.info.domain.T1wuyeyezhu,com.qgbase.common.domain.OperInfo) throws java.lang.Exception 
13:37:28.383 [main] INFO  o.s.w.s.m.m.a.RequestMappingHandlerMapping - Mapped "{[/api/T1wuyeyezhu/deleteobj],methods=[POST]}" onto public java.lang.String com.qgbase.biz.info.controller.T1wuyeyezhuController.deleteobj(java.lang.String,com.qgbase.common.domain.OperInfo) throws java.lang.Exception 
13:37:28.383 [main] INFO  o.s.w.s.m.m.a.RequestMappingHandlerMapping - Mapped "{[/api/T1wuyeyezhu/newObj],methods=[POST]}" onto public java.lang.String com.qgbase.biz.info.controller.T1wuyeyezhuController.newObj(com.qgbase.common.domain.OperInfo) throws java.lang.Exception 
13:37:28.383 [main] INFO  o.s.w.s.m.m.a.RequestMappingHandlerMapping - Mapped "{[/api/T1wuyeyezhu/exportExcel],methods=[POST]}" onto public void com.qgbase.biz.info.controller.T1wuyeyezhuController.exportExcel(java.util.Map,javax.servlet.http.HttpServletResponse,com.qgbase.common.domain.OperInfo) throws java.lang.Exception 
13:37:28.383 [main] INFO  o.s.w.s.m.m.a.RequestMappingHandlerMapping - Mapped "{[/api/T1wuyeyezhu/importExcel/{uid}],methods=[POST]}" onto public java.lang.String com.qgbase.biz.info.controller.T1wuyeyezhuController.importExcel(java.lang.String,com.qgbase.common.domain.OperInfo) throws java.lang.Exception 
13:37:28.384 [main] INFO  o.s.w.s.m.m.a.RequestMappingHandlerMapping - Mapped "{[/api/T1wuyeyezhu/queryT1wuyeyezhuList],methods=[POST]}" onto public java.lang.String com.qgbase.biz.info.controller.T1wuyeyezhuController.queryT1wuyeyezhuList(java.util.Map,com.qgbase.common.domain.OperInfo) throws java.lang.Exception 
13:37:28.385 [main] INFO  o.s.w.s.m.m.a.RequestMappingHandlerMapping - Mapped "{[/api/TActivity/addobj],methods=[POST]}" onto public java.lang.String com.qgbase.biz.info.controller.TActivityController.addobj(com.qgbase.biz.info.domain.TActivity,com.qgbase.common.domain.OperInfo) throws java.lang.Exception 
13:37:28.385 [main] INFO  o.s.w.s.m.m.a.RequestMappingHandlerMapping - Mapped "{[/api/TActivity/getobj],methods=[POST]}" onto public java.lang.String com.qgbase.biz.info.controller.TActivityController.getobj(java.lang.String,com.qgbase.common.domain.OperInfo) throws java.lang.Exception 
13:37:28.385 [main] INFO  o.s.w.s.m.m.a.RequestMappingHandlerMapping - Mapped "{[/api/TActivity/updateobj],methods=[POST]}" onto public java.lang.String com.qgbase.biz.info.controller.TActivityController.updateobj(com.qgbase.biz.info.domain.TActivity,com.qgbase.common.domain.OperInfo) throws java.lang.Exception 
13:37:28.385 [main] INFO  o.s.w.s.m.m.a.RequestMappingHandlerMapping - Mapped "{[/api/TActivity/deleteobj],methods=[POST]}" onto public java.lang.String com.qgbase.biz.info.controller.TActivityController.deleteobj(java.lang.String,com.qgbase.common.domain.OperInfo) throws java.lang.Exception 
13:37:28.386 [main] INFO  o.s.w.s.m.m.a.RequestMappingHandlerMapping - Mapped "{[/api/TActivity/newObj],methods=[POST]}" onto public java.lang.String com.qgbase.biz.info.controller.TActivityController.newObj(com.qgbase.common.domain.OperInfo) throws java.lang.Exception 
13:37:28.386 [main] INFO  o.s.w.s.m.m.a.RequestMappingHandlerMapping - Mapped "{[/api/TActivity/exportExcel],methods=[POST]}" onto public void com.qgbase.biz.info.controller.TActivityController.exportExcel(java.util.Map,javax.servlet.http.HttpServletResponse,com.qgbase.common.domain.OperInfo) throws java.lang.Exception 
13:37:28.386 [main] INFO  o.s.w.s.m.m.a.RequestMappingHandlerMapping - Mapped "{[/api/TActivity/importExcel/{uid}],methods=[POST]}" onto public java.lang.String com.qgbase.biz.info.controller.TActivityController.importExcel(java.lang.String,com.qgbase.common.domain.OperInfo) throws java.lang.Exception 
13:37:28.386 [main] INFO  o.s.w.s.m.m.a.RequestMappingHandlerMapping - Mapped "{[/api/TActivity/queryTActivityList],methods=[POST]}" onto public java.lang.String com.qgbase.biz.info.controller.TActivityController.queryTActivityList(java.util.Map,com.qgbase.common.domain.OperInfo) throws java.lang.Exception 
13:37:28.387 [main] INFO  o.s.w.s.m.m.a.RequestMappingHandlerMapping - Mapped "{[/api/TActivitymsg/addobj],methods=[POST]}" onto public java.lang.String com.qgbase.biz.info.controller.TActivitymsgController.addobj(com.qgbase.biz.info.domain.TActivitymsg,com.qgbase.common.domain.OperInfo) throws java.lang.Exception 
13:37:28.388 [main] INFO  o.s.w.s.m.m.a.RequestMappingHandlerMapping - Mapped "{[/api/TActivitymsg/getobj],methods=[POST]}" onto public java.lang.String com.qgbase.biz.info.controller.TActivitymsgController.getobj(java.lang.String,com.qgbase.common.domain.OperInfo) throws java.lang.Exception 
13:37:28.388 [main] INFO  o.s.w.s.m.m.a.RequestMappingHandlerMapping - Mapped "{[/api/TActivitymsg/updateobj],methods=[POST]}" onto public java.lang.String com.qgbase.biz.info.controller.TActivitymsgController.updateobj(com.qgbase.biz.info.domain.TActivitymsg,com.qgbase.common.domain.OperInfo) throws java.lang.Exception 
13:37:28.388 [main] INFO  o.s.w.s.m.m.a.RequestMappingHandlerMapping - Mapped "{[/api/TActivitymsg/deleteobj],methods=[POST]}" onto public java.lang.String com.qgbase.biz.info.controller.TActivitymsgController.deleteobj(java.lang.String,com.qgbase.common.domain.OperInfo) throws java.lang.Exception 
13:37:28.388 [main] INFO  o.s.w.s.m.m.a.RequestMappingHandlerMapping - Mapped "{[/api/TActivitymsg/newObj],methods=[POST]}" onto public java.lang.String com.qgbase.biz.info.controller.TActivitymsgController.newObj(com.qgbase.common.domain.OperInfo) throws java.lang.Exception 
13:37:28.388 [main] INFO  o.s.w.s.m.m.a.RequestMappingHandlerMapping - Mapped "{[/api/TActivitymsg/exportExcel],methods=[POST]}" onto public void com.qgbase.biz.info.controller.TActivitymsgController.exportExcel(java.util.Map,javax.servlet.http.HttpServletResponse,com.qgbase.common.domain.OperInfo) throws java.lang.Exception 
13:37:28.388 [main] INFO  o.s.w.s.m.m.a.RequestMappingHandlerMapping - Mapped "{[/api/TActivitymsg/importExcel/{uid}],methods=[POST]}" onto public java.lang.String com.qgbase.biz.info.controller.TActivitymsgController.importExcel(java.lang.String,com.qgbase.common.domain.OperInfo) throws java.lang.Exception 
13:37:28.388 [main] INFO  o.s.w.s.m.m.a.RequestMappingHandlerMapping - Mapped "{[/api/TActivitymsg/queryTActivitymsgList],methods=[POST]}" onto public java.lang.String com.qgbase.biz.info.controller.TActivitymsgController.queryTActivitymsgList(java.util.Map,com.qgbase.common.domain.OperInfo) throws java.lang.Exception 
13:37:28.390 [main] INFO  o.s.w.s.m.m.a.RequestMappingHandlerMapping - Mapped "{[/api/TAgentcoopreate/queryTAgentcoopreateList],methods=[POST]}" onto public java.lang.String com.qgbase.biz.info.controller.TAgentcoopreateController.queryTAgentcoopreateList(java.util.Map,com.qgbase.common.domain.OperInfo) throws java.lang.Exception 
13:37:28.390 [main] INFO  o.s.w.s.m.m.a.RequestMappingHandlerMapping - Mapped "{[/api/TAgentcoopreate/addobj],methods=[POST]}" onto public java.lang.String com.qgbase.biz.info.controller.TAgentcoopreateController.addobj(com.qgbase.biz.info.domain.TAgentcoopreate,com.qgbase.common.domain.OperInfo) throws java.lang.Exception 
13:37:28.390 [main] INFO  o.s.w.s.m.m.a.RequestMappingHandlerMapping - Mapped "{[/api/TAgentcoopreate/getobj],methods=[POST]}" onto public java.lang.String com.qgbase.biz.info.controller.TAgentcoopreateController.getobj(java.lang.String,com.qgbase.common.domain.OperInfo) throws java.lang.Exception 
13:37:28.390 [main] INFO  o.s.w.s.m.m.a.RequestMappingHandlerMapping - Mapped "{[/api/TAgentcoopreate/updateobj],methods=[POST]}" onto public java.lang.String com.qgbase.biz.info.controller.TAgentcoopreateController.updateobj(com.qgbase.biz.info.domain.TAgentcoopreate,com.qgbase.common.domain.OperInfo) throws java.lang.Exception 
13:37:28.390 [main] INFO  o.s.w.s.m.m.a.RequestMappingHandlerMapping - Mapped "{[/api/TAgentcoopreate/deleteobj],methods=[POST]}" onto public java.lang.String com.qgbase.biz.info.controller.TAgentcoopreateController.deleteobj(java.lang.String,com.qgbase.common.domain.OperInfo) throws java.lang.Exception 
13:37:28.390 [main] INFO  o.s.w.s.m.m.a.RequestMappingHandlerMapping - Mapped "{[/api/TAgentcoopreate/newObj],methods=[POST]}" onto public java.lang.String com.qgbase.biz.info.controller.TAgentcoopreateController.newObj(com.qgbase.common.domain.OperInfo) throws java.lang.Exception 
13:37:28.390 [main] INFO  o.s.w.s.m.m.a.RequestMappingHandlerMapping - Mapped "{[/api/TAgentcoopreate/exportExcel],methods=[POST]}" onto public void com.qgbase.biz.info.controller.TAgentcoopreateController.exportExcel(java.util.Map,javax.servlet.http.HttpServletResponse,com.qgbase.common.domain.OperInfo) throws java.lang.Exception 
13:37:28.390 [main] INFO  o.s.w.s.m.m.a.RequestMappingHandlerMapping - Mapped "{[/api/TAgentcoopreate/importExcel/{uid}],methods=[POST]}" onto public java.lang.String com.qgbase.biz.info.controller.TAgentcoopreateController.importExcel(java.lang.String,com.qgbase.common.domain.OperInfo) throws java.lang.Exception 
13:37:28.392 [main] INFO  o.s.w.s.m.m.a.RequestMappingHandlerMapping - Mapped "{[/api/TArroundshopandservice/queryTArroundshopandserviceList],methods=[POST]}" onto public java.lang.String com.qgbase.biz.info.controller.TArroundshopandserviceController.queryTArroundshopandserviceList(java.util.Map,com.qgbase.common.domain.OperInfo) throws java.lang.Exception 
13:37:28.392 [main] INFO  o.s.w.s.m.m.a.RequestMappingHandlerMapping - Mapped "{[/api/TArroundshopandservice/addobj],methods=[POST]}" onto public java.lang.String com.qgbase.biz.info.controller.TArroundshopandserviceController.addobj(com.qgbase.biz.info.domain.TArroundshopandservice,com.qgbase.common.domain.OperInfo) throws java.lang.Exception 
13:37:28.392 [main] INFO  o.s.w.s.m.m.a.RequestMappingHandlerMapping - Mapped "{[/api/TArroundshopandservice/getobj],methods=[POST]}" onto public java.lang.String com.qgbase.biz.info.controller.TArroundshopandserviceController.getobj(java.lang.String,com.qgbase.common.domain.OperInfo) throws java.lang.Exception 
13:37:28.392 [main] INFO  o.s.w.s.m.m.a.RequestMappingHandlerMapping - Mapped "{[/api/TArroundshopandservice/updateobj],methods=[POST]}" onto public java.lang.String com.qgbase.biz.info.controller.TArroundshopandserviceController.updateobj(com.qgbase.biz.info.domain.TArroundshopandservice,com.qgbase.common.domain.OperInfo) throws java.lang.Exception 
13:37:28.392 [main] INFO  o.s.w.s.m.m.a.RequestMappingHandlerMapping - Mapped "{[/api/TArroundshopandservice/deleteobj],methods=[POST]}" onto public java.lang.String com.qgbase.biz.info.controller.TArroundshopandserviceController.deleteobj(java.lang.String,com.qgbase.common.domain.OperInfo) throws java.lang.Exception 
13:37:28.392 [main] INFO  o.s.w.s.m.m.a.RequestMappingHandlerMapping - Mapped "{[/api/TArroundshopandservice/newObj],methods=[POST]}" onto public java.lang.String com.qgbase.biz.info.controller.TArroundshopandserviceController.newObj(com.qgbase.common.domain.OperInfo) throws java.lang.Exception 
13:37:28.393 [main] INFO  o.s.w.s.m.m.a.RequestMappingHandlerMapping - Mapped "{[/api/TArroundshopandservice/exportExcel],methods=[POST]}" onto public void com.qgbase.biz.info.controller.TArroundshopandserviceController.exportExcel(java.util.Map,javax.servlet.http.HttpServletResponse,com.qgbase.common.domain.OperInfo) throws java.lang.Exception 
13:37:28.393 [main] INFO  o.s.w.s.m.m.a.RequestMappingHandlerMapping - Mapped "{[/api/TArroundshopandservice/importExcel/{uid}],methods=[POST]}" onto public java.lang.String com.qgbase.biz.info.controller.TArroundshopandserviceController.importExcel(java.lang.String,com.qgbase.common.domain.OperInfo) throws java.lang.Exception 
13:37:28.394 [main] INFO  o.s.w.s.m.m.a.RequestMappingHandlerMapping - Mapped "{[/api/TBanner/addobj],methods=[POST]}" onto public java.lang.String com.qgbase.biz.info.controller.TBannerController.addobj(com.qgbase.biz.info.domain.TBanner,com.qgbase.common.domain.OperInfo) throws java.lang.Exception 
13:37:28.394 [main] INFO  o.s.w.s.m.m.a.RequestMappingHandlerMapping - Mapped "{[/api/TBanner/getobj],methods=[POST]}" onto public java.lang.String com.qgbase.biz.info.controller.TBannerController.getobj(java.lang.String,com.qgbase.common.domain.OperInfo) throws java.lang.Exception 
13:37:28.394 [main] INFO  o.s.w.s.m.m.a.RequestMappingHandlerMapping - Mapped "{[/api/TBanner/updateobj],methods=[POST]}" onto public java.lang.String com.qgbase.biz.info.controller.TBannerController.updateobj(com.qgbase.biz.info.domain.TBanner,com.qgbase.common.domain.OperInfo) throws java.lang.Exception 
13:37:28.394 [main] INFO  o.s.w.s.m.m.a.RequestMappingHandlerMapping - Mapped "{[/api/TBanner/deleteobj],methods=[POST]}" onto public java.lang.String com.qgbase.biz.info.controller.TBannerController.deleteobj(java.lang.String,com.qgbase.common.domain.OperInfo) throws java.lang.Exception 
13:37:28.395 [main] INFO  o.s.w.s.m.m.a.RequestMappingHandlerMapping - Mapped "{[/api/TBanner/newObj],methods=[POST]}" onto public java.lang.String com.qgbase.biz.info.controller.TBannerController.newObj(com.qgbase.common.domain.OperInfo) throws java.lang.Exception 
13:37:28.395 [main] INFO  o.s.w.s.m.m.a.RequestMappingHandlerMapping - Mapped "{[/api/TBanner/exportExcel],methods=[POST]}" onto public void com.qgbase.biz.info.controller.TBannerController.exportExcel(java.util.Map,javax.servlet.http.HttpServletResponse,com.qgbase.common.domain.OperInfo) throws java.lang.Exception 
13:37:28.395 [main] INFO  o.s.w.s.m.m.a.RequestMappingHandlerMapping - Mapped "{[/api/TBanner/importExcel/{uid}],methods=[POST]}" onto public java.lang.String com.qgbase.biz.info.controller.TBannerController.importExcel(java.lang.String,com.qgbase.common.domain.OperInfo) throws java.lang.Exception 
13:37:28.395 [main] INFO  o.s.w.s.m.m.a.RequestMappingHandlerMapping - Mapped "{[/api/TBanner/queryTBannerList],methods=[POST]}" onto public java.lang.String com.qgbase.biz.info.controller.TBannerController.queryTBannerList(java.util.Map,com.qgbase.common.domain.OperInfo) throws java.lang.Exception 
13:37:28.396 [main] INFO  o.s.w.s.m.m.a.RequestMappingHandlerMapping - Mapped "{[/api/TBbsBak4/queryTBbsBak4List],methods=[POST]}" onto public java.lang.String com.qgbase.biz.info.controller.TBbsBak4Controller.queryTBbsBak4List(java.util.Map,com.qgbase.common.domain.OperInfo) throws java.lang.Exception 
13:37:28.397 [main] INFO  o.s.w.s.m.m.a.RequestMappingHandlerMapping - Mapped "{[/api/TBbsBak4/addobj],methods=[POST]}" onto public java.lang.String com.qgbase.biz.info.controller.TBbsBak4Controller.addobj(com.qgbase.biz.info.domain.TBbsBak4,com.qgbase.common.domain.OperInfo) throws java.lang.Exception 
13:37:28.397 [main] INFO  o.s.w.s.m.m.a.RequestMappingHandlerMapping - Mapped "{[/api/TBbsBak4/getobj],methods=[POST]}" onto public java.lang.String com.qgbase.biz.info.controller.TBbsBak4Controller.getobj(java.lang.String,com.qgbase.common.domain.OperInfo) throws java.lang.Exception 
13:37:28.397 [main] INFO  o.s.w.s.m.m.a.RequestMappingHandlerMapping - Mapped "{[/api/TBbsBak4/updateobj],methods=[POST]}" onto public java.lang.String com.qgbase.biz.info.controller.TBbsBak4Controller.updateobj(com.qgbase.biz.info.domain.TBbsBak4,com.qgbase.common.domain.OperInfo) throws java.lang.Exception 
13:37:28.397 [main] INFO  o.s.w.s.m.m.a.RequestMappingHandlerMapping - Mapped "{[/api/TBbsBak4/deleteobj],methods=[POST]}" onto public java.lang.String com.qgbase.biz.info.controller.TBbsBak4Controller.deleteobj(java.lang.String,com.qgbase.common.domain.OperInfo) throws java.lang.Exception 
13:37:28.397 [main] INFO  o.s.w.s.m.m.a.RequestMappingHandlerMapping - Mapped "{[/api/TBbsBak4/newObj],methods=[POST]}" onto public java.lang.String com.qgbase.biz.info.controller.TBbsBak4Controller.newObj(com.qgbase.common.domain.OperInfo) throws java.lang.Exception 
13:37:28.397 [main] INFO  o.s.w.s.m.m.a.RequestMappingHandlerMapping - Mapped "{[/api/TBbsBak4/exportExcel],methods=[POST]}" onto public void com.qgbase.biz.info.controller.TBbsBak4Controller.exportExcel(java.util.Map,javax.servlet.http.HttpServletResponse,com.qgbase.common.domain.OperInfo) throws java.lang.Exception 
13:37:28.397 [main] INFO  o.s.w.s.m.m.a.RequestMappingHandlerMapping - Mapped "{[/api/TBbsBak4/importExcel/{uid}],methods=[POST]}" onto public java.lang.String com.qgbase.biz.info.controller.TBbsBak4Controller.importExcel(java.lang.String,com.qgbase.common.domain.OperInfo) throws java.lang.Exception 
13:37:28.399 [main] INFO  o.s.w.s.m.m.a.RequestMappingHandlerMapping - Mapped "{[/api/TBbscomment/queryTBbscommentList],methods=[POST]}" onto public java.lang.String com.qgbase.biz.info.controller.TBbscommentController.queryTBbscommentList(java.util.Map,com.qgbase.common.domain.OperInfo) throws java.lang.Exception 
13:37:28.399 [main] INFO  o.s.w.s.m.m.a.RequestMappingHandlerMapping - Mapped "{[/api/TBbscomment/addobj],methods=[POST]}" onto public java.lang.String com.qgbase.biz.info.controller.TBbscommentController.addobj(com.qgbase.biz.info.domain.TBbscomment,com.qgbase.common.domain.OperInfo) throws java.lang.Exception 
13:37:28.399 [main] INFO  o.s.w.s.m.m.a.RequestMappingHandlerMapping - Mapped "{[/api/TBbscomment/getobj],methods=[POST]}" onto public java.lang.String com.qgbase.biz.info.controller.TBbscommentController.getobj(java.lang.String,com.qgbase.common.domain.OperInfo) throws java.lang.Exception 
13:37:28.399 [main] INFO  o.s.w.s.m.m.a.RequestMappingHandlerMapping - Mapped "{[/api/TBbscomment/updateobj],methods=[POST]}" onto public java.lang.String com.qgbase.biz.info.controller.TBbscommentController.updateobj(com.qgbase.biz.info.domain.TBbscomment,com.qgbase.common.domain.OperInfo) throws java.lang.Exception 
13:37:28.399 [main] INFO  o.s.w.s.m.m.a.RequestMappingHandlerMapping - Mapped "{[/api/TBbscomment/deleteobj],methods=[POST]}" onto public java.lang.String com.qgbase.biz.info.controller.TBbscommentController.deleteobj(java.lang.String,com.qgbase.common.domain.OperInfo) throws java.lang.Exception 
13:37:28.399 [main] INFO  o.s.w.s.m.m.a.RequestMappingHandlerMapping - Mapped "{[/api/TBbscomment/newObj],methods=[POST]}" onto public java.lang.String com.qgbase.biz.info.controller.TBbscommentController.newObj(com.qgbase.common.domain.OperInfo) throws java.lang.Exception 
13:37:28.399 [main] INFO  o.s.w.s.m.m.a.RequestMappingHandlerMapping - Mapped "{[/api/TBbscomment/exportExcel],methods=[POST]}" onto public void com.qgbase.biz.info.controller.TBbscommentController.exportExcel(java.util.Map,javax.servlet.http.HttpServletResponse,com.qgbase.common.domain.OperInfo) throws java.lang.Exception 
13:37:28.399 [main] INFO  o.s.w.s.m.m.a.RequestMappingHandlerMapping - Mapped "{[/api/TBbscomment/importExcel/{uid}],methods=[POST]}" onto public java.lang.String com.qgbase.biz.info.controller.TBbscommentController.importExcel(java.lang.String,com.qgbase.common.domain.OperInfo) throws java.lang.Exception 
13:37:28.401 [main] INFO  o.s.w.s.m.m.a.RequestMappingHandlerMapping - Mapped "{[/api/TBbs/queryTBbsList],methods=[POST]}" onto public java.lang.String com.qgbase.biz.info.controller.TBbsController.queryTBbsList(java.util.Map,com.qgbase.common.domain.OperInfo) throws java.lang.Exception 
13:37:28.401 [main] INFO  o.s.w.s.m.m.a.RequestMappingHandlerMapping - Mapped "{[/api/TBbs/addobj],methods=[POST]}" onto public java.lang.String com.qgbase.biz.info.controller.TBbsController.addobj(com.qgbase.biz.info.domain.TBbs,com.qgbase.common.domain.OperInfo) throws java.lang.Exception 
13:37:28.401 [main] INFO  o.s.w.s.m.m.a.RequestMappingHandlerMapping - Mapped "{[/api/TBbs/getobj],methods=[POST]}" onto public java.lang.String com.qgbase.biz.info.controller.TBbsController.getobj(java.lang.String,com.qgbase.common.domain.OperInfo) throws java.lang.Exception 
13:37:28.401 [main] INFO  o.s.w.s.m.m.a.RequestMappingHandlerMapping - Mapped "{[/api/TBbs/updateobj],methods=[POST]}" onto public java.lang.String com.qgbase.biz.info.controller.TBbsController.updateobj(com.qgbase.biz.info.domain.TBbs,com.qgbase.common.domain.OperInfo) throws java.lang.Exception 
13:37:28.401 [main] INFO  o.s.w.s.m.m.a.RequestMappingHandlerMapping - Mapped "{[/api/TBbs/deleteobj],methods=[POST]}" onto public java.lang.String com.qgbase.biz.info.controller.TBbsController.deleteobj(java.lang.String,com.qgbase.common.domain.OperInfo) throws java.lang.Exception 
13:37:28.401 [main] INFO  o.s.w.s.m.m.a.RequestMappingHandlerMapping - Mapped "{[/api/TBbs/newObj],methods=[POST]}" onto public java.lang.String com.qgbase.biz.info.controller.TBbsController.newObj(com.qgbase.common.domain.OperInfo) throws java.lang.Exception 
13:37:28.401 [main] INFO  o.s.w.s.m.m.a.RequestMappingHandlerMapping - Mapped "{[/api/TBbs/exportExcel],methods=[POST]}" onto public void com.qgbase.biz.info.controller.TBbsController.exportExcel(java.util.Map,javax.servlet.http.HttpServletResponse,com.qgbase.common.domain.OperInfo) throws java.lang.Exception 
13:37:28.402 [main] INFO  o.s.w.s.m.m.a.RequestMappingHandlerMapping - Mapped "{[/api/TBbs/importExcel/{uid}],methods=[POST]}" onto public java.lang.String com.qgbase.biz.info.controller.TBbsController.importExcel(java.lang.String,com.qgbase.common.domain.OperInfo) throws java.lang.Exception 
13:37:28.403 [main] INFO  o.s.w.s.m.m.a.RequestMappingHandlerMapping - Mapped "{[/api/TClzAssignfood/addobj],methods=[POST]}" onto public java.lang.String com.qgbase.biz.info.controller.TClzAssignfoodController.addobj(com.qgbase.biz.info.domain.TClzAssignfood,com.qgbase.common.domain.OperInfo) throws java.lang.Exception 
13:37:28.403 [main] INFO  o.s.w.s.m.m.a.RequestMappingHandlerMapping - Mapped "{[/api/TClzAssignfood/getobj],methods=[POST]}" onto public java.lang.String com.qgbase.biz.info.controller.TClzAssignfoodController.getobj(java.lang.String,com.qgbase.common.domain.OperInfo) throws java.lang.Exception 
13:37:28.403 [main] INFO  o.s.w.s.m.m.a.RequestMappingHandlerMapping - Mapped "{[/api/TClzAssignfood/updateobj],methods=[POST]}" onto public java.lang.String com.qgbase.biz.info.controller.TClzAssignfoodController.updateobj(com.qgbase.biz.info.domain.TClzAssignfood,com.qgbase.common.domain.OperInfo) throws java.lang.Exception 
13:37:28.403 [main] INFO  o.s.w.s.m.m.a.RequestMappingHandlerMapping - Mapped "{[/api/TClzAssignfood/deleteobj],methods=[POST]}" onto public java.lang.String com.qgbase.biz.info.controller.TClzAssignfoodController.deleteobj(java.lang.String,com.qgbase.common.domain.OperInfo) throws java.lang.Exception 
13:37:28.403 [main] INFO  o.s.w.s.m.m.a.RequestMappingHandlerMapping - Mapped "{[/api/TClzAssignfood/newObj],methods=[POST]}" onto public java.lang.String com.qgbase.biz.info.controller.TClzAssignfoodController.newObj(com.qgbase.common.domain.OperInfo) throws java.lang.Exception 
13:37:28.404 [main] INFO  o.s.w.s.m.m.a.RequestMappingHandlerMapping - Mapped "{[/api/TClzAssignfood/exportExcel],methods=[POST]}" onto public void com.qgbase.biz.info.controller.TClzAssignfoodController.exportExcel(java.util.Map,javax.servlet.http.HttpServletResponse,com.qgbase.common.domain.OperInfo) throws java.lang.Exception 
13:37:28.404 [main] INFO  o.s.w.s.m.m.a.RequestMappingHandlerMapping - Mapped "{[/api/TClzAssignfood/importExcel/{uid}],methods=[POST]}" onto public java.lang.String com.qgbase.biz.info.controller.TClzAssignfoodController.importExcel(java.lang.String,com.qgbase.common.domain.OperInfo) throws java.lang.Exception 
13:37:28.404 [main] INFO  o.s.w.s.m.m.a.RequestMappingHandlerMapping - Mapped "{[/api/TClzAssignfood/queryTClzAssignfoodList],methods=[POST]}" onto public java.lang.String com.qgbase.biz.info.controller.TClzAssignfoodController.queryTClzAssignfoodList(java.util.Map,com.qgbase.common.domain.OperInfo) throws java.lang.Exception 
13:37:28.405 [main] INFO  o.s.w.s.m.m.a.RequestMappingHandlerMapping - Mapped "{[/api/TClzBigtype/addobj],methods=[POST]}" onto public java.lang.String com.qgbase.biz.info.controller.TClzBigtypeController.addobj(com.qgbase.biz.info.domain.TClzBigtype,com.qgbase.common.domain.OperInfo) throws java.lang.Exception 
13:37:28.405 [main] INFO  o.s.w.s.m.m.a.RequestMappingHandlerMapping - Mapped "{[/api/TClzBigtype/getobj],methods=[POST]}" onto public java.lang.String com.qgbase.biz.info.controller.TClzBigtypeController.getobj(java.lang.String,com.qgbase.common.domain.OperInfo) throws java.lang.Exception 
13:37:28.405 [main] INFO  o.s.w.s.m.m.a.RequestMappingHandlerMapping - Mapped "{[/api/TClzBigtype/updateobj],methods=[POST]}" onto public java.lang.String com.qgbase.biz.info.controller.TClzBigtypeController.updateobj(com.qgbase.biz.info.domain.TClzBigtype,com.qgbase.common.domain.OperInfo) throws java.lang.Exception 
13:37:28.405 [main] INFO  o.s.w.s.m.m.a.RequestMappingHandlerMapping - Mapped "{[/api/TClzBigtype/deleteobj],methods=[POST]}" onto public java.lang.String com.qgbase.biz.info.controller.TClzBigtypeController.deleteobj(java.lang.String,com.qgbase.common.domain.OperInfo) throws java.lang.Exception 
13:37:28.406 [main] INFO  o.s.w.s.m.m.a.RequestMappingHandlerMapping - Mapped "{[/api/TClzBigtype/newObj],methods=[POST]}" onto public java.lang.String com.qgbase.biz.info.controller.TClzBigtypeController.newObj(com.qgbase.common.domain.OperInfo) throws java.lang.Exception 
13:37:28.406 [main] INFO  o.s.w.s.m.m.a.RequestMappingHandlerMapping - Mapped "{[/api/TClzBigtype/exportExcel],methods=[POST]}" onto public void com.qgbase.biz.info.controller.TClzBigtypeController.exportExcel(java.util.Map,javax.servlet.http.HttpServletResponse,com.qgbase.common.domain.OperInfo) throws java.lang.Exception 
13:37:28.406 [main] INFO  o.s.w.s.m.m.a.RequestMappingHandlerMapping - Mapped "{[/api/TClzBigtype/importExcel/{uid}],methods=[POST]}" onto public java.lang.String com.qgbase.biz.info.controller.TClzBigtypeController.importExcel(java.lang.String,com.qgbase.common.domain.OperInfo) throws java.lang.Exception 
13:37:28.406 [main] INFO  o.s.w.s.m.m.a.RequestMappingHandlerMapping - Mapped "{[/api/TClzBigtype/queryTClzBigtypeList],methods=[POST]}" onto public java.lang.String com.qgbase.biz.info.controller.TClzBigtypeController.queryTClzBigtypeList(java.util.Map,com.qgbase.common.domain.OperInfo) throws java.lang.Exception 
13:37:28.407 [main] INFO  o.s.w.s.m.m.a.RequestMappingHandlerMapping - Mapped "{[/api/TClzDeliveryclerk/addobj],methods=[POST]}" onto public java.lang.String com.qgbase.biz.info.controller.TClzDeliveryclerkController.addobj(com.qgbase.biz.info.domain.TClzDeliveryclerk,com.qgbase.common.domain.OperInfo) throws java.lang.Exception 
13:37:28.407 [main] INFO  o.s.w.s.m.m.a.RequestMappingHandlerMapping - Mapped "{[/api/TClzDeliveryclerk/getobj],methods=[POST]}" onto public java.lang.String com.qgbase.biz.info.controller.TClzDeliveryclerkController.getobj(java.lang.String,com.qgbase.common.domain.OperInfo) throws java.lang.Exception 
13:37:28.407 [main] INFO  o.s.w.s.m.m.a.RequestMappingHandlerMapping - Mapped "{[/api/TClzDeliveryclerk/updateobj],methods=[POST]}" onto public java.lang.String com.qgbase.biz.info.controller.TClzDeliveryclerkController.updateobj(com.qgbase.biz.info.domain.TClzDeliveryclerk,com.qgbase.common.domain.OperInfo) throws java.lang.Exception 
13:37:28.407 [main] INFO  o.s.w.s.m.m.a.RequestMappingHandlerMapping - Mapped "{[/api/TClzDeliveryclerk/deleteobj],methods=[POST]}" onto public java.lang.String com.qgbase.biz.info.controller.TClzDeliveryclerkController.deleteobj(java.lang.String,com.qgbase.common.domain.OperInfo) throws java.lang.Exception 
13:37:28.408 [main] INFO  o.s.w.s.m.m.a.RequestMappingHandlerMapping - Mapped "{[/api/TClzDeliveryclerk/newObj],methods=[POST]}" onto public java.lang.String com.qgbase.biz.info.controller.TClzDeliveryclerkController.newObj(com.qgbase.common.domain.OperInfo) throws java.lang.Exception 
13:37:28.408 [main] INFO  o.s.w.s.m.m.a.RequestMappingHandlerMapping - Mapped "{[/api/TClzDeliveryclerk/exportExcel],methods=[POST]}" onto public void com.qgbase.biz.info.controller.TClzDeliveryclerkController.exportExcel(java.util.Map,javax.servlet.http.HttpServletResponse,com.qgbase.common.domain.OperInfo) throws java.lang.Exception 
13:37:28.408 [main] INFO  o.s.w.s.m.m.a.RequestMappingHandlerMapping - Mapped "{[/api/TClzDeliveryclerk/importExcel/{uid}],methods=[POST]}" onto public java.lang.String com.qgbase.biz.info.controller.TClzDeliveryclerkController.importExcel(java.lang.String,com.qgbase.common.domain.OperInfo) throws java.lang.Exception 
13:37:28.408 [main] INFO  o.s.w.s.m.m.a.RequestMappingHandlerMapping - Mapped "{[/api/TClzDeliveryclerk/queryTClzDeliveryclerkList],methods=[POST]}" onto public java.lang.String com.qgbase.biz.info.controller.TClzDeliveryclerkController.queryTClzDeliveryclerkList(java.util.Map,com.qgbase.common.domain.OperInfo) throws java.lang.Exception 
13:37:28.409 [main] INFO  o.s.w.s.m.m.a.RequestMappingHandlerMapping - Mapped "{[/api/TClzFood/queryTClzFoodList],methods=[POST]}" onto public java.lang.String com.qgbase.biz.info.controller.TClzFoodController.queryTClzFoodList(java.util.Map,com.qgbase.common.domain.OperInfo) throws java.lang.Exception 
13:37:28.409 [main] INFO  o.s.w.s.m.m.a.RequestMappingHandlerMapping - Mapped "{[/api/TClzFood/addobj],methods=[POST]}" onto public java.lang.String com.qgbase.biz.info.controller.TClzFoodController.addobj(com.qgbase.biz.info.domain.TClzFood,com.qgbase.common.domain.OperInfo) throws java.lang.Exception 
13:37:28.409 [main] INFO  o.s.w.s.m.m.a.RequestMappingHandlerMapping - Mapped "{[/api/TClzFood/getobj],methods=[POST]}" onto public java.lang.String com.qgbase.biz.info.controller.TClzFoodController.getobj(java.lang.String,com.qgbase.common.domain.OperInfo) throws java.lang.Exception 
13:37:28.409 [main] INFO  o.s.w.s.m.m.a.RequestMappingHandlerMapping - Mapped "{[/api/TClzFood/updateobj],methods=[POST]}" onto public java.lang.String com.qgbase.biz.info.controller.TClzFoodController.updateobj(com.qgbase.biz.info.domain.TClzFood,com.qgbase.common.domain.OperInfo) throws java.lang.Exception 
13:37:28.410 [main] INFO  o.s.w.s.m.m.a.RequestMappingHandlerMapping - Mapped "{[/api/TClzFood/deleteobj],methods=[POST]}" onto public java.lang.String com.qgbase.biz.info.controller.TClzFoodController.deleteobj(java.lang.String,com.qgbase.common.domain.OperInfo) throws java.lang.Exception 
13:37:28.410 [main] INFO  o.s.w.s.m.m.a.RequestMappingHandlerMapping - Mapped "{[/api/TClzFood/newObj],methods=[POST]}" onto public java.lang.String com.qgbase.biz.info.controller.TClzFoodController.newObj(com.qgbase.common.domain.OperInfo) throws java.lang.Exception 
13:37:28.410 [main] INFO  o.s.w.s.m.m.a.RequestMappingHandlerMapping - Mapped "{[/api/TClzFood/exportExcel],methods=[POST]}" onto public void com.qgbase.biz.info.controller.TClzFoodController.exportExcel(java.util.Map,javax.servlet.http.HttpServletResponse,com.qgbase.common.domain.OperInfo) throws java.lang.Exception 
13:37:28.410 [main] INFO  o.s.w.s.m.m.a.RequestMappingHandlerMapping - Mapped "{[/api/TClzFood/importExcel/{uid}],methods=[POST]}" onto public java.lang.String com.qgbase.biz.info.controller.TClzFoodController.importExcel(java.lang.String,com.qgbase.common.domain.OperInfo) throws java.lang.Exception 
13:37:28.412 [main] INFO  o.s.w.s.m.m.a.RequestMappingHandlerMapping - Mapped "{[/api/TClzOrder/queryTClzOrderList],methods=[POST]}" onto public java.lang.String com.qgbase.biz.info.controller.TClzOrderController.queryTClzOrderList(java.util.Map,com.qgbase.common.domain.OperInfo) throws java.lang.Exception 
13:37:28.413 [main] WARN  o.s.b.c.e.AnnotationConfigEmbeddedWebApplicationContext - Exception encountered during context initialization - cancelling refresh attempt: org.springframework.beans.factory.UnsatisfiedDependencyException: Error creating bean with name 'documentationPluginsBootstrapper' defined in URL [jar:file:/home/boxserver/clz/cpzhsq-sever-0.0.1-SNAPSHOT-exec.jar!/BOOT-INF/lib/springfox-spring-web-2.2.2.jar!/springfox/documentation/spring/web/plugins/DocumentationPluginsBootstrapper.class]: Unsatisfied dependency expressed through constructor parameter 1; nested exception is org.springframework.beans.factory.UnsatisfiedDependencyException: Error creating bean with name 'webMvcRequestHandlerProvider' defined in URL [jar:file:/home/boxserver/clz/cpzhsq-sever-0.0.1-SNAPSHOT-exec.jar!/BOOT-INF/lib/springfox-spring-web-2.2.2.jar!/springfox/documentation/spring/web/plugins/WebMvcRequestHandlerProvider.class]: Unsatisfied dependency expressed through constructor parameter 0; nested exception is org.springframework.beans.factory.BeanCreationException: Error creating bean with name 'requestMappingHandlerMapping' defined in class path resource [org/springframework/boot/autoconfigure/web/WebMvcAutoConfiguration$EnableWebMvcConfiguration.class]: Invocation of init method failed; nested exception is java.lang.IllegalStateException: Ambiguous mapping. Cannot map 'TClzOrderController' method 
public java.lang.String com.qgbase.biz.info.controller.TClzOrderController.queryTClzOrder2List(java.util.Map,com.qgbase.common.domain.OperInfo) throws java.lang.Exception
to {[/api/TClzOrder/queryTClzOrderList],methods=[POST]}: There is already 'TClzOrderController' bean method
public java.lang.String com.qgbase.biz.info.controller.TClzOrderController.queryTClzOrderList(java.util.Map,com.qgbase.common.domain.OperInfo) throws java.lang.Exception mapped. 
13:37:28.433 [main] INFO  o.s.o.j.LocalContainerEntityManagerFactoryBean - Closing JPA EntityManagerFactory for persistence unit 'default' 
13:37:28.439 [main] INFO  c.a.druid.pool.DruidDataSource - {dataSource-1} closed 
13:37:28.446 [main] INFO  o.a.catalina.core.StandardService - Stopping service [Tomcat] 
13:37:28.461 [main] INFO  o.s.b.a.l.AutoConfigurationReportLoggingInitializer - 

Error starting ApplicationContext. To display the auto-configuration report re-run your application with 'debug' enabled. 
13:37:28.467 [main] ERROR o.s.boot.SpringApplication - Application startup failed 
org.springframework.beans.factory.UnsatisfiedDependencyException: Error creating bean with name 'documentationPluginsBootstrapper' defined in URL [jar:file:/home/boxserver/clz/cpzhsq-sever-0.0.1-SNAPSHOT-exec.jar!/BOOT-INF/lib/springfox-spring-web-2.2.2.jar!/springfox/documentation/spring/web/plugins/DocumentationPluginsBootstrapper.class]: Unsatisfied dependency expressed through constructor parameter 1; nested exception is org.springframework.beans.factory.UnsatisfiedDependencyException: Error creating bean with name 'webMvcRequestHandlerProvider' defined in URL [jar:file:/home/boxserver/clz/cpzhsq-sever-0.0.1-SNAPSHOT-exec.jar!/BOOT-INF/lib/springfox-spring-web-2.2.2.jar!/springfox/documentation/spring/web/plugins/WebMvcRequestHandlerProvider.class]: Unsatisfied dependency expressed through constructor parameter 0; nested exception is org.springframework.beans.factory.BeanCreationException: Error creating bean with name 'requestMappingHandlerMapping' defined in class path resource [org/springframework/boot/autoconfigure/web/WebMvcAutoConfiguration$EnableWebMvcConfiguration.class]: Invocation of init method failed; nested exception is java.lang.IllegalStateException: Ambiguous mapping. Cannot map 'TClzOrderController' method 
public java.lang.String com.qgbase.biz.info.controller.TClzOrderController.queryTClzOrder2List(java.util.Map,com.qgbase.common.domain.OperInfo) throws java.lang.Exception
to {[/api/TClzOrder/queryTClzOrderList],methods=[POST]}: There is already 'TClzOrderController' bean method
public java.lang.String com.qgbase.biz.info.controller.TClzOrderController.queryTClzOrderList(java.util.Map,com.qgbase.common.domain.OperInfo) throws java.lang.Exception mapped.
	at org.springframework.beans.factory.support.ConstructorResolver.createArgumentArray(ConstructorResolver.java:749)
	at org.springframework.beans.factory.support.ConstructorResolver.autowireConstructor(ConstructorResolver.java:189)
	at org.springframework.beans.factory.support.AbstractAutowireCapableBeanFactory.autowireConstructor(AbstractAutowireCapableBeanFactory.java:1201)
	at org.springframework.beans.factory.support.AbstractAutowireCapableBeanFactory.createBeanInstance(AbstractAutowireCapableBeanFactory.java:1103)
	at org.springframework.beans.factory.support.AbstractAutowireCapableBeanFactory.doCreateBean(AbstractAutowireCapableBeanFactory.java:513)
	at org.springframework.beans.factory.support.AbstractAutowireCapableBeanFactory.createBean(AbstractAutowireCapableBeanFactory.java:483)
	at org.springframework.beans.factory.support.AbstractBeanFactory$1.getObject(AbstractBeanFactory.java:312)
	at org.springframework.beans.factory.support.DefaultSingletonBeanRegistry.getSingleton(DefaultSingletonBeanRegistry.java:230)
	at org.springframework.beans.factory.support.AbstractBeanFactory.doGetBean(AbstractBeanFactory.java:308)
	at org.springframework.beans.factory.support.AbstractBeanFactory.getBean(AbstractBeanFactory.java:197)
	at org.springframework.beans.factory.support.DefaultListableBeanFactory.preInstantiateSingletons(DefaultListableBeanFactory.java:761)
	at org.springframework.context.support.AbstractApplicationContext.finishBeanFactoryInitialization(AbstractApplicationContext.java:867)
	at org.springframework.context.support.AbstractApplicationContext.refresh(AbstractApplicationContext.java:543)
	at org.springframework.boot.context.embedded.EmbeddedWebApplicationContext.refresh(EmbeddedWebApplicationContext.java:122)
	at org.springframework.boot.SpringApplication.refresh(SpringApplication.java:693)
	at org.springframework.boot.SpringApplication.refreshContext(SpringApplication.java:360)
	at org.springframework.boot.SpringApplication.run(SpringApplication.java:303)
	at org.springframework.boot.SpringApplication.run(SpringApplication.java:1118)
	at org.springframework.boot.SpringApplication.run(SpringApplication.java:1107)
	at com.qgbase.Application.main(Application.java:45)
	at sun.reflect.NativeMethodAccessorImpl.invoke0(Native Method)
	at sun.reflect.NativeMethodAccessorImpl.invoke(NativeMethodAccessorImpl.java:62)
	at sun.reflect.DelegatingMethodAccessorImpl.invoke(DelegatingMethodAccessorImpl.java:43)
	at java.lang.reflect.Method.invoke(Method.java:498)
	at org.springframework.boot.loader.MainMethodRunner.run(MainMethodRunner.java:48)
	at org.springframework.boot.loader.Launcher.launch(Launcher.java:87)
	at org.springframework.boot.loader.Launcher.launch(Launcher.java:50)
	at org.springframework.boot.loader.JarLauncher.main(JarLauncher.java:51)
Caused by: org.springframework.beans.factory.UnsatisfiedDependencyException: Error creating bean with name 'webMvcRequestHandlerProvider' defined in URL [jar:file:/home/boxserver/clz/cpzhsq-sever-0.0.1-SNAPSHOT-exec.jar!/BOOT-INF/lib/springfox-spring-web-2.2.2.jar!/springfox/documentation/spring/web/plugins/WebMvcRequestHandlerProvider.class]: Unsatisfied dependency expressed through constructor parameter 0; nested exception is org.springframework.beans.factory.BeanCreationException: Error creating bean with name 'requestMappingHandlerMapping' defined in class path resource [org/springframework/boot/autoconfigure/web/WebMvcAutoConfiguration$EnableWebMvcConfiguration.class]: Invocation of init method failed; nested exception is java.lang.IllegalStateException: Ambiguous mapping. Cannot map 'TClzOrderController' method 
public java.lang.String com.qgbase.biz.info.controller.TClzOrderController.queryTClzOrder2List(java.util.Map,com.qgbase.common.domain.OperInfo) throws java.lang.Exception
to {[/api/TClzOrder/queryTClzOrderList],methods=[POST]}: There is already 'TClzOrderController' bean method
public java.lang.String com.qgbase.biz.info.controller.TClzOrderController.queryTClzOrderList(java.util.Map,com.qgbase.common.domain.OperInfo) throws java.lang.Exception mapped.
	at org.springframework.beans.factory.support.ConstructorResolver.createArgumentArray(ConstructorResolver.java:749)
	at org.springframework.beans.factory.support.ConstructorResolver.autowireConstructor(ConstructorResolver.java:189)
	at org.springframework.beans.factory.support.AbstractAutowireCapableBeanFactory.autowireConstructor(AbstractAutowireCapableBeanFactory.java:1201)
	at org.springframework.beans.factory.support.AbstractAutowireCapableBeanFactory.createBeanInstance(AbstractAutowireCapableBeanFactory.java:1103)
	at org.springframework.beans.factory.support.AbstractAutowireCapableBeanFactory.doCreateBean(AbstractAutowireCapableBeanFactory.java:513)
	at org.springframework.beans.factory.support.AbstractAutowireCapableBeanFactory.createBean(AbstractAutowireCapableBeanFactory.java:483)
	at org.springframework.beans.factory.support.AbstractBeanFactory$1.getObject(AbstractBeanFactory.java:312)
	at org.springframework.beans.factory.support.DefaultSingletonBeanRegistry.getSingleton(DefaultSingletonBeanRegistry.java:230)
	at org.springframework.beans.factory.support.AbstractBeanFactory.doGetBean(AbstractBeanFactory.java:308)
	at org.springframework.beans.factory.support.AbstractBeanFactory.getBean(AbstractBeanFactory.java:202)
	at org.springframework.beans.factory.config.DependencyDescriptor.resolveCandidate(DependencyDescriptor.java:208)
	at org.springframework.beans.factory.support.DefaultListableBeanFactory.doResolveDependency(DefaultListableBeanFactory.java:1138)
	at org.springframework.beans.factory.support.DefaultListableBeanFactory.resolveDependency(DefaultListableBeanFactory.java:1066)
	at org.springframework.beans.factory.support.ConstructorResolver.resolveAutowiredArgument(ConstructorResolver.java:835)
	at org.springframework.beans.factory.support.ConstructorResolver.createArgumentArray(ConstructorResolver.java:741)
	... 27 common frames omitted
Caused by: org.springframework.beans.factory.BeanCreationException: Error creating bean with name 'requestMappingHandlerMapping' defined in class path resource [org/springframework/boot/autoconfigure/web/WebMvcAutoConfiguration$EnableWebMvcConfiguration.class]: Invocation of init method failed; nested exception is java.lang.IllegalStateException: Ambiguous mapping. Cannot map 'TClzOrderController' method 
public java.lang.String com.qgbase.biz.info.controller.TClzOrderController.queryTClzOrder2List(java.util.Map,com.qgbase.common.domain.OperInfo) throws java.lang.Exception
to {[/api/TClzOrder/queryTClzOrderList],methods=[POST]}: There is already 'TClzOrderController' bean method
public java.lang.String com.qgbase.biz.info.controller.TClzOrderController.queryTClzOrderList(java.util.Map,com.qgbase.common.domain.OperInfo) throws java.lang.Exception mapped.
	at org.springframework.beans.factory.support.AbstractAutowireCapableBeanFactory.initializeBean(AbstractAutowireCapableBeanFactory.java:1634)
	at org.springframework.beans.factory.support.AbstractAutowireCapableBeanFactory.doCreateBean(AbstractAutowireCapableBeanFactory.java:555)
	at org.springframework.beans.factory.support.AbstractAutowireCapableBeanFactory.createBean(AbstractAutowireCapableBeanFactory.java:483)
	at org.springframework.beans.factory.support.AbstractBeanFactory$1.getObject(AbstractBeanFactory.java:312)
	at org.springframework.beans.factory.support.DefaultSingletonBeanRegistry.getSingleton(DefaultSingletonBeanRegistry.java:230)
	at org.springframework.beans.factory.support.AbstractBeanFactory.doGetBean(AbstractBeanFactory.java:308)
	at org.springframework.beans.factory.support.AbstractBeanFactory.getBean(AbstractBeanFactory.java:202)
	at org.springframework.beans.factory.config.DependencyDescriptor.resolveCandidate(DependencyDescriptor.java:208)
	at org.springframework.beans.factory.support.DefaultListableBeanFactory.addCandidateEntry(DefaultListableBeanFactory.java:1316)
	at org.springframework.beans.factory.support.DefaultListableBeanFactory.findAutowireCandidates(DefaultListableBeanFactory.java:1282)
	at org.springframework.beans.factory.support.DefaultListableBeanFactory.resolveMultipleBeans(DefaultListableBeanFactory.java:1180)
	at org.springframework.beans.factory.support.DefaultListableBeanFactory.doResolveDependency(DefaultListableBeanFactory.java:1096)
	at org.springframework.beans.factory.support.DefaultListableBeanFactory.resolveDependency(DefaultListableBeanFactory.java:1066)
	at org.springframework.beans.factory.support.ConstructorResolver.resolveAutowiredArgument(ConstructorResolver.java:835)
	at org.springframework.beans.factory.support.ConstructorResolver.createArgumentArray(ConstructorResolver.java:741)
	... 41 common frames omitted
Caused by: java.lang.IllegalStateException: Ambiguous mapping. Cannot map 'TClzOrderController' method 
public java.lang.String com.qgbase.biz.info.controller.TClzOrderController.queryTClzOrder2List(java.util.Map,com.qgbase.common.domain.OperInfo) throws java.lang.Exception
to {[/api/TClzOrder/queryTClzOrderList],methods=[POST]}: There is already 'TClzOrderController' bean method
public java.lang.String com.qgbase.biz.info.controller.TClzOrderController.queryTClzOrderList(java.util.Map,com.qgbase.common.domain.OperInfo) throws java.lang.Exception mapped.
	at org.springframework.web.servlet.handler.AbstractHandlerMethodMapping$MappingRegistry.assertUniqueMethodMapping(AbstractHandlerMethodMapping.java:576)
	at org.springframework.web.servlet.handler.AbstractHandlerMethodMapping$MappingRegistry.register(AbstractHandlerMethodMapping.java:540)
	at org.springframework.web.servlet.handler.AbstractHandlerMethodMapping.registerHandlerMethod(AbstractHandlerMethodMapping.java:264)
	at org.springframework.web.servlet.handler.AbstractHandlerMethodMapping.detectHandlerMethods(AbstractHandlerMethodMapping.java:250)
	at org.springframework.web.servlet.handler.AbstractHandlerMethodMapping.initHandlerMethods(AbstractHandlerMethodMapping.java:214)
	at org.springframework.web.servlet.handler.AbstractHandlerMethodMapping.afterPropertiesSet(AbstractHandlerMethodMapping.java:184)
	at org.springframework.web.servlet.mvc.method.annotation.RequestMappingHandlerMapping.afterPropertiesSet(RequestMappingHandlerMapping.java:127)
	at org.springframework.beans.factory.support.AbstractAutowireCapableBeanFactory.invokeInitMethods(AbstractAutowireCapableBeanFactory.java:1692)
	at org.springframework.beans.factory.support.AbstractAutowireCapableBeanFactory.initializeBean(AbstractAutowireCapableBeanFactory.java:1630)
	... 55 common frames omitted
13:37:29.479 [Thread-0] WARN  i.sentry.connection.AsyncConnection - Graceful shutdown took too much time, forcing the shutdown. 
13:37:29.479 [Thread-0] WARN  i.sentry.connection.AsyncConnection - 0 tasks failed to execute before shutdown. 
